"F:/Projects/Assignments/Level Design II/P1 - Mecha Facility/Unreal/OldWarehouse/Content/Old_Warehouse/Audio/Starter_Birds01.uasset" 0
"F:/Projects/Assignments/Level Design II/P1 - Mecha Facility/Unreal/OldWarehouse/Content/Old_Warehouse/Audio/Starter_Wind05.uasset" 1
"F:/Projects/Assignments/Level Design II/P1 - Mecha Facility/Unreal/OldWarehouse/Content/Old_Warehouse/Audio/Starter_Wind06.uasset" 2
"F:/Projects/Assignments/Level Design II/P1 - Mecha Facility/Unreal/OldWarehouse/Content/Old_Warehouse/Audio/Starter_Background_Cue.uasset" 3
"F:/Projects/Assignments/Level Design II/P1 - Mecha Facility/Unreal/OldWarehouse/Content/Old_Warehouse/Buildings/Textures/Brick_Buildkit/concrete.uasset" 4
"F:/Projects/Assignments/Level Design II/P1 - Mecha Facility/Unreal/OldWarehouse/Content/Old_Warehouse/Buildings/Textures/Brick_Buildkit/concrete_m.uasset" 5
"F:/Projects/Assignments/Level Design II/P1 - Mecha Facility/Unreal/OldWarehouse/Content/Old_Warehouse/Buildings/Textures/Brick_Buildkit/concrete_n.uasset" 6
"F:/Projects/Assignments/Level Design II/P1 - Mecha Facility/Unreal/OldWarehouse/Content/Old_Warehouse/Buildings/Materials/Brick_Buildkit-Mats/stone-Mat.uasset" 7
"F:/Projects/Assignments/Level Design II/P1 - Mecha Facility/Unreal/OldWarehouse/Content/Old_Warehouse/Buildings/Materials/Brick_Buildkit-Mats/ceiling-Mat.uasset" 8
"F:/Projects/Assignments/Level Design II/P1 - Mecha Facility/Unreal/OldWarehouse/Content/Old_Warehouse/Buildings/Materials/Brick_Buildkit-Mats/floor-Mat.uasset" 9
"F:/Projects/Assignments/Level Design II/P1 - Mecha Facility/Unreal/OldWarehouse/Content/Old_Warehouse/Buildings/Meshes/Brick_Buildkit-mesh/floor.uasset" 10
"F:/Projects/Assignments/Level Design II/P1 - Mecha Facility/Unreal/OldWarehouse/Content/Old_Warehouse/Buildings/floor.uasset" 11
"F:/Projects/Assignments/Level Design II/P1 - Mecha Facility/Unreal/OldWarehouse/Content/Old_Warehouse/Buildings/Textures/Brick_Buildkit/Greenroof.uasset" 12
"F:/Projects/Assignments/Level Design II/P1 - Mecha Facility/Unreal/OldWarehouse/Content/Old_Warehouse/Buildings/Textures/Brick_Buildkit/roofNM.uasset" 13
"F:/Projects/Assignments/Level Design II/P1 - Mecha Facility/Unreal/OldWarehouse/Content/Old_Warehouse/Buildings/Materials/Brick_Buildkit-Mats/roof-Mat.uasset" 14
"F:/Projects/Assignments/Level Design II/P1 - Mecha Facility/Unreal/OldWarehouse/Content/Old_Warehouse/Buildings/Meshes/Brick_Buildkit-mesh/roof.uasset" 15
"F:/Projects/Assignments/Level Design II/P1 - Mecha Facility/Unreal/OldWarehouse/Content/Old_Warehouse/Buildings/roof.uasset" 16
"F:/Projects/Assignments/Level Design II/P1 - Mecha Facility/Unreal/OldWarehouse/Content/Old_Warehouse/Buildings/Meshes/Brick_Buildkit-mesh/roof_corner.uasset" 17
"F:/Projects/Assignments/Level Design II/P1 - Mecha Facility/Unreal/OldWarehouse/Content/Old_Warehouse/Buildings/Meshes/roof_corner.uasset" 18
"F:/Projects/Assignments/Level Design II/P1 - Mecha Facility/Unreal/OldWarehouse/Content/Old_Warehouse/Buildings/roof_corner.uasset" 19
"F:/Projects/Assignments/Level Design II/P1 - Mecha Facility/Unreal/OldWarehouse/Content/Old_Warehouse/Buildings/Textures/Villagestuff/T_Detail_N.uasset" 20
"F:/Projects/Assignments/Level Design II/P1 - Mecha Facility/Unreal/OldWarehouse/Content/Old_Warehouse/Buildings/Textures/Villagestuff/T_Pack_01_D.uasset" 21
"F:/Projects/Assignments/Level Design II/P1 - Mecha Facility/Unreal/OldWarehouse/Content/Old_Warehouse/Buildings/Textures/Villagestuff/T_Pack_01_N.uasset" 22
"F:/Projects/Assignments/Level Design II/P1 - Mecha Facility/Unreal/OldWarehouse/Content/Old_Warehouse/Buildings/Textures/Villagestuff/T_Pack_01_RM.uasset" 23
"F:/Projects/Assignments/Level Design II/P1 - Mecha Facility/Unreal/OldWarehouse/Content/Old_Warehouse/Buildings/Textures/Villagestuff/T_Pack_03_E.uasset" 24
"F:/Projects/Assignments/Level Design II/P1 - Mecha Facility/Unreal/OldWarehouse/Content/Old_Warehouse/Buildings/Materials/village-Mats/M_Uber.uasset" 25
"F:/Projects/Assignments/Level Design II/P1 - Mecha Facility/Unreal/OldWarehouse/Content/Old_Warehouse/Buildings/Materials/village-Mats/Pack01-Mat.uasset" 26
"F:/Projects/Assignments/Level Design II/P1 - Mecha Facility/Unreal/OldWarehouse/Content/Old_Warehouse/Buildings/Meshes/Villagestuff-mesh/SM_Fence_Var02.uasset" 27
"F:/Projects/Assignments/Level Design II/P1 - Mecha Facility/Unreal/OldWarehouse/Content/Old_Warehouse/Buildings/SM_Fence_Var02.uasset" 28
"F:/Projects/Assignments/Level Design II/P1 - Mecha Facility/Unreal/OldWarehouse/Content/Old_Warehouse/Buildings/Textures/Villagestuff/T_Pack_02_D.uasset" 29
"F:/Projects/Assignments/Level Design II/P1 - Mecha Facility/Unreal/OldWarehouse/Content/Old_Warehouse/Buildings/Textures/Villagestuff/T_Pack_02_N.uasset" 30
"F:/Projects/Assignments/Level Design II/P1 - Mecha Facility/Unreal/OldWarehouse/Content/Old_Warehouse/Buildings/Textures/Villagestuff/T_Pack_02_RM.uasset" 31
"F:/Projects/Assignments/Level Design II/P1 - Mecha Facility/Unreal/OldWarehouse/Content/Old_Warehouse/Buildings/Materials/village-Mats/Pack02-Mat.uasset" 32
"F:/Projects/Assignments/Level Design II/P1 - Mecha Facility/Unreal/OldWarehouse/Content/Old_Warehouse/Buildings/Meshes/Villagestuff-mesh/SM_Stonepath_Var01.uasset" 33
"F:/Projects/Assignments/Level Design II/P1 - Mecha Facility/Unreal/OldWarehouse/Content/Old_Warehouse/Buildings/SM_Stonepath_Var01.uasset" 34
"F:/Projects/Assignments/Level Design II/P1 - Mecha Facility/Unreal/OldWarehouse/Content/Old_Warehouse/Buildings/Meshes/Villagestuff-mesh/SM_Stonepath_Var02.uasset" 35
"F:/Projects/Assignments/Level Design II/P1 - Mecha Facility/Unreal/OldWarehouse/Content/Old_Warehouse/Buildings/SM_Stonepath_Var02.uasset" 36
"F:/Projects/Assignments/Level Design II/P1 - Mecha Facility/Unreal/OldWarehouse/Content/Old_Warehouse/Buildings/Meshes/Villagestuff-mesh/SM_Stonepath_Var03.uasset" 37
"F:/Projects/Assignments/Level Design II/P1 - Mecha Facility/Unreal/OldWarehouse/Content/Old_Warehouse/Buildings/SM_Stonepath_Var03.uasset" 38
"F:/Projects/Assignments/Level Design II/P1 - Mecha Facility/Unreal/OldWarehouse/Content/Old_Warehouse/Buildings/Textures/Brick_Buildkit/Blank_M.uasset" 39
"F:/Projects/Assignments/Level Design II/P1 - Mecha Facility/Unreal/OldWarehouse/Content/Old_Warehouse/Buildings/walls_M.uasset" 40
"F:/Projects/Assignments/Level Design II/P1 - Mecha Facility/Unreal/OldWarehouse/Content/Old_Warehouse/Buildings/wall_corner-FULL.uasset" 41
"F:/Projects/Assignments/Level Design II/P1 - Mecha Facility/Unreal/OldWarehouse/Content/Old_Warehouse/Buildings/Textures/Brick_Buildkit/wall_A.uasset" 42
"F:/Projects/Assignments/Level Design II/P1 - Mecha Facility/Unreal/OldWarehouse/Content/Old_Warehouse/Buildings/Textures/Brick_Buildkit/wall_N.uasset" 43
"F:/Projects/Assignments/Level Design II/P1 - Mecha Facility/Unreal/OldWarehouse/Content/Old_Warehouse/Buildings/Materials/Brick_Buildkit-Mats/wall-Mat.uasset" 44
"F:/Projects/Assignments/Level Design II/P1 - Mecha Facility/Unreal/OldWarehouse/Content/Old_Warehouse/Buildings/Textures/Brick_Buildkit/wall_door.uasset" 45
"F:/Projects/Assignments/Level Design II/P1 - Mecha Facility/Unreal/OldWarehouse/Content/Old_Warehouse/Buildings/Textures/Brick_Buildkit/wall_door_NM_1.uasset" 46
"F:/Projects/Assignments/Level Design II/P1 - Mecha Facility/Unreal/OldWarehouse/Content/Old_Warehouse/Buildings/Materials/Brick_Buildkit-Mats/wall_door-Mat.uasset" 47
"F:/Projects/Assignments/Level Design II/P1 - Mecha Facility/Unreal/OldWarehouse/Content/Old_Warehouse/Buildings/Meshes/Brick_Buildkit-mesh/wall_door.uasset" 48
"F:/Projects/Assignments/Level Design II/P1 - Mecha Facility/Unreal/OldWarehouse/Content/Old_Warehouse/Buildings/Meshes/wall_door.uasset" 49
"F:/Projects/Assignments/Level Design II/P1 - Mecha Facility/Unreal/OldWarehouse/Content/Old_Warehouse/Buildings/wall_door.uasset" 50
"F:/Projects/Assignments/Level Design II/P1 - Mecha Facility/Unreal/OldWarehouse/Content/Old_Warehouse/Buildings/wall-long_FULL.uasset" 51
"F:/Projects/Assignments/Level Design II/P1 - Mecha Facility/Unreal/OldWarehouse/Content/Old_Warehouse/Buildings/wall_long-Full.uasset" 52
"F:/Projects/Assignments/Level Design II/P1 - Mecha Facility/Unreal/OldWarehouse/Content/Old_Warehouse/Buildings/Textures/Brick_Buildkit/wall_window_AO.uasset" 53
"F:/Projects/Assignments/Level Design II/P1 - Mecha Facility/Unreal/OldWarehouse/Content/Old_Warehouse/Buildings/Textures/Brick_Buildkit/wall_window_NM.uasset" 54
"F:/Projects/Assignments/Level Design II/P1 - Mecha Facility/Unreal/OldWarehouse/Content/Old_Warehouse/Buildings/Materials/Brick_Buildkit-Mats/wall_window-Mat.uasset" 55
"F:/Projects/Assignments/Level Design II/P1 - Mecha Facility/Unreal/OldWarehouse/Content/Old_Warehouse/Buildings/Meshes/Brick_Buildkit-mesh/wall_window.uasset" 56
"F:/Projects/Assignments/Level Design II/P1 - Mecha Facility/Unreal/OldWarehouse/Content/Old_Warehouse/Buildings/Meshes/wall_window.uasset" 57
"F:/Projects/Assignments/Level Design II/P1 - Mecha Facility/Unreal/OldWarehouse/Content/Old_Warehouse/Buildings/wall_window.uasset" 58
"F:/Projects/Assignments/Level Design II/P1 - Mecha Facility/Unreal/OldWarehouse/Content/Old_Warehouse/Buildings/Textures/Brick_Buildkit/wallAO.uasset" 59
"F:/Projects/Assignments/Level Design II/P1 - Mecha Facility/Unreal/OldWarehouse/Content/Old_Warehouse/Buildings/Textures/Brick_Buildkit/wallNM.uasset" 60
"F:/Projects/Assignments/Level Design II/P1 - Mecha Facility/Unreal/OldWarehouse/Content/Old_Warehouse/Buildings/Materials/Brick_Buildkit-Mats/-MaterialTemplate-.uasset" 61
"F:/Projects/Assignments/Level Design II/P1 - Mecha Facility/Unreal/OldWarehouse/Content/Old_Warehouse/Buildings/Textures/Brick_Buildkit/glass_TEX_02.uasset" 62
"F:/Projects/Assignments/Level Design II/P1 - Mecha Facility/Unreal/OldWarehouse/Content/Old_Warehouse/Buildings/Materials/Brick_Buildkit-Mats/glass_broken-Mat_2.uasset" 63
"F:/Projects/Assignments/Level Design II/P1 - Mecha Facility/Unreal/OldWarehouse/Content/Old_Warehouse/Buildings/Textures/Brick_Buildkit/stonewall_m.uasset" 64
"F:/Projects/Assignments/Level Design II/P1 - Mecha Facility/Unreal/OldWarehouse/Content/Old_Warehouse/Buildings/Textures/Brick_Buildkit/stonewall_n.uasset" 65
"F:/Projects/Assignments/Level Design II/P1 - Mecha Facility/Unreal/OldWarehouse/Content/Old_Warehouse/Buildings/Textures/Brick_Buildkit/stonewallRed.uasset" 66
"F:/Projects/Assignments/Level Design II/P1 - Mecha Facility/Unreal/OldWarehouse/Content/Old_Warehouse/Buildings/Materials/Brick_Buildkit-Mats/stonebrickReds-Mat.uasset" 67
"F:/Projects/Assignments/Level Design II/P1 - Mecha Facility/Unreal/OldWarehouse/Content/Old_Warehouse/Buildings/Textures/Brick_Buildkit/window_door.uasset" 68
"F:/Projects/Assignments/Level Design II/P1 - Mecha Facility/Unreal/OldWarehouse/Content/Old_Warehouse/Buildings/Textures/Brick_Buildkit/window_door_NM.uasset" 69
"F:/Projects/Assignments/Level Design II/P1 - Mecha Facility/Unreal/OldWarehouse/Content/Old_Warehouse/Buildings/Materials/Brick_Buildkit-Mats/window_door-Mat.uasset" 70
"F:/Projects/Assignments/Level Design II/P1 - Mecha Facility/Unreal/OldWarehouse/Content/Old_Warehouse/Buildings/Meshes/Brick_Buildkit-mesh/door.uasset" 71
"F:/Projects/Assignments/Level Design II/P1 - Mecha Facility/Unreal/OldWarehouse/Content/Old_Warehouse/Buildings/Meshes/door.uasset" 72
"F:/Projects/Assignments/Level Design II/P1 - Mecha Facility/Unreal/OldWarehouse/Content/Old_Warehouse/Buildings/Textures/Brick_Buildkit/glass_TEX.uasset" 73
"F:/Projects/Assignments/Level Design II/P1 - Mecha Facility/Unreal/OldWarehouse/Content/Old_Warehouse/Buildings/Materials/Brick_Buildkit-Mats/glass-Mat.uasset" 74
"F:/Projects/Assignments/Level Design II/P1 - Mecha Facility/Unreal/OldWarehouse/Content/Old_Warehouse/Buildings/Meshes/Brick_Buildkit-mesh/glass_door.uasset" 75
"F:/Projects/Assignments/Level Design II/P1 - Mecha Facility/Unreal/OldWarehouse/Content/Old_Warehouse/Buildings/Meshes/glass_door.uasset" 76
"F:/Projects/Assignments/Level Design II/P1 - Mecha Facility/Unreal/OldWarehouse/Content/Old_Warehouse/Buildings/Meshes/Brick_Buildkit-mesh/glass_window.uasset" 77
"F:/Projects/Assignments/Level Design II/P1 - Mecha Facility/Unreal/OldWarehouse/Content/Old_Warehouse/Buildings/Meshes/glass_window.uasset" 78
"F:/Projects/Assignments/Level Design II/P1 - Mecha Facility/Unreal/OldWarehouse/Content/Old_Warehouse/Buildings/Textures/Brick_Buildkit/metal_A.uasset" 79
"F:/Projects/Assignments/Level Design II/P1 - Mecha Facility/Unreal/OldWarehouse/Content/Old_Warehouse/Buildings/Textures/Brick_Buildkit/metal_N.uasset" 80
"F:/Projects/Assignments/Level Design II/P1 - Mecha Facility/Unreal/OldWarehouse/Content/Old_Warehouse/Buildings/Materials/Brick_Buildkit-Mats/metal-Mat.uasset" 81
"F:/Projects/Assignments/Level Design II/P1 - Mecha Facility/Unreal/OldWarehouse/Content/Old_Warehouse/Buildings/Meshes/Brick_Buildkit-mesh/grate_window.uasset" 82
"F:/Projects/Assignments/Level Design II/P1 - Mecha Facility/Unreal/OldWarehouse/Content/Old_Warehouse/Buildings/Meshes/grate_window.uasset" 83
"F:/Projects/Assignments/Level Design II/P1 - Mecha Facility/Unreal/OldWarehouse/Content/Old_Warehouse/Buildings/Meshes/Brick_Buildkit-mesh/window.uasset" 84
"F:/Projects/Assignments/Level Design II/P1 - Mecha Facility/Unreal/OldWarehouse/Content/Old_Warehouse/Buildings/Meshes/window.uasset" 85
"F:/Projects/Assignments/Level Design II/P1 - Mecha Facility/Unreal/OldWarehouse/Content/Old_Warehouse/Buildings/Meshes/Brick_Buildkit-mesh/doorway_in.uasset" 86
"F:/Projects/Assignments/Level Design II/P1 - Mecha Facility/Unreal/OldWarehouse/Content/Old_Warehouse/Buildings/Meshes/Brick_Buildkit-mesh/doorway_in__wide.uasset" 87
"F:/Projects/Assignments/Level Design II/P1 - Mecha Facility/Unreal/OldWarehouse/Content/Old_Warehouse/Buildings/Meshes/Brick_Buildkit-mesh/floor_corner.uasset" 88
"F:/Projects/Assignments/Level Design II/P1 - Mecha Facility/Unreal/OldWarehouse/Content/Old_Warehouse/Buildings/Meshes/Brick_Buildkit-mesh/floor_edge.uasset" 89
"F:/Projects/Assignments/Level Design II/P1 - Mecha Facility/Unreal/OldWarehouse/Content/Old_Warehouse/Buildings/Textures/Brick_Buildkit/lamp_glass.uasset" 90
"F:/Projects/Assignments/Level Design II/P1 - Mecha Facility/Unreal/OldWarehouse/Content/Old_Warehouse/Buildings/Materials/Brick_Buildkit-Mats/lamp-Mat.uasset" 91
"F:/Projects/Assignments/Level Design II/P1 - Mecha Facility/Unreal/OldWarehouse/Content/Old_Warehouse/Buildings/Meshes/Brick_Buildkit-mesh/lamp_large_glass_lamp_large.uasset" 92
"F:/Projects/Assignments/Level Design II/P1 - Mecha Facility/Unreal/OldWarehouse/Content/Old_Warehouse/Buildings/Textures/Brick_Buildkit/old_paint_A.uasset" 93
"F:/Projects/Assignments/Level Design II/P1 - Mecha Facility/Unreal/OldWarehouse/Content/Old_Warehouse/Buildings/Textures/Brick_Buildkit/old_paint_N.uasset" 94
"F:/Projects/Assignments/Level Design II/P1 - Mecha Facility/Unreal/OldWarehouse/Content/Old_Warehouse/Buildings/Materials/Brick_Buildkit-Mats/old_paint-Mat.uasset" 95
"F:/Projects/Assignments/Level Design II/P1 - Mecha Facility/Unreal/OldWarehouse/Content/Old_Warehouse/Buildings/Meshes/Brick_Buildkit-mesh/lamp_large_lamp_large_body.uasset" 96
"F:/Projects/Assignments/Level Design II/P1 - Mecha Facility/Unreal/OldWarehouse/Content/Old_Warehouse/Buildings/Materials/ceiling-Mat.uasset" 97
"F:/Projects/Assignments/Level Design II/P1 - Mecha Facility/Unreal/OldWarehouse/Content/Old_Warehouse/Buildings/Meshes/Brick_Buildkit-mesh/lamp_large_lamp_large_lamps.uasset" 98
"F:/Projects/Assignments/Level Design II/P1 - Mecha Facility/Unreal/OldWarehouse/Content/Old_Warehouse/Buildings/Meshes/Brick_Buildkit-mesh/lamp_large_lamp_large_wires.uasset" 99
"F:/Projects/Assignments/Level Design II/P1 - Mecha Facility/Unreal/OldWarehouse/Content/Old_Warehouse/Buildings/Textures/Brick_Buildkit/wall_garage.uasset" 100
"F:/Projects/Assignments/Level Design II/P1 - Mecha Facility/Unreal/OldWarehouse/Content/Old_Warehouse/Buildings/Textures/Brick_Buildkit/wall_garage_NM.uasset" 101
"F:/Projects/Assignments/Level Design II/P1 - Mecha Facility/Unreal/OldWarehouse/Content/Old_Warehouse/Buildings/Materials/Brick_Buildkit-Mats/wall_garage-Mat.uasset" 102
"F:/Projects/Assignments/Level Design II/P1 - Mecha Facility/Unreal/OldWarehouse/Content/Old_Warehouse/Buildings/Meshes/Brick_Buildkit-mesh/ornament.uasset" 103
"F:/Projects/Assignments/Level Design II/P1 - Mecha Facility/Unreal/OldWarehouse/Content/Old_Warehouse/Buildings/Meshes/Brick_Buildkit-mesh/ornament_corner.uasset" 104
"F:/Projects/Assignments/Level Design II/P1 - Mecha Facility/Unreal/OldWarehouse/Content/Old_Warehouse/Buildings/Meshes/Brick_Buildkit-mesh/roof_flat.uasset" 105
"F:/Projects/Assignments/Level Design II/P1 - Mecha Facility/Unreal/OldWarehouse/Content/Old_Warehouse/Buildings/Meshes/Brick_Buildkit-mesh/roof_flat_corner.uasset" 106
"F:/Projects/Assignments/Level Design II/P1 - Mecha Facility/Unreal/OldWarehouse/Content/Old_Warehouse/Buildings/Materials/Brick_Buildkit-Mats/walls-Mat.uasset" 107
"F:/Projects/Assignments/Level Design II/P1 - Mecha Facility/Unreal/OldWarehouse/Content/Old_Warehouse/Buildings/Meshes/Brick_Buildkit-mesh/wall.uasset" 108
"F:/Projects/Assignments/Level Design II/P1 - Mecha Facility/Unreal/OldWarehouse/Content/Old_Warehouse/Buildings/Meshes/Brick_Buildkit-mesh/wall_garage_wall_in_garage.uasset" 109
"F:/Projects/Assignments/Level Design II/P1 - Mecha Facility/Unreal/OldWarehouse/Content/Old_Warehouse/Buildings/Meshes/Brick_Buildkit-mesh/wall_in.uasset" 110
"F:/Projects/Assignments/Level Design II/P1 - Mecha Facility/Unreal/OldWarehouse/Content/Old_Warehouse/Buildings/Meshes/Brick_Buildkit-mesh/wall_in_corner.uasset" 111
"F:/Projects/Assignments/Level Design II/P1 - Mecha Facility/Unreal/OldWarehouse/Content/Old_Warehouse/Buildings/Meshes/Brick_Buildkit-mesh/wall_in_corner_mini.uasset" 112
"F:/Projects/Assignments/Level Design II/P1 - Mecha Facility/Unreal/OldWarehouse/Content/Old_Warehouse/Buildings/Meshes/Brick_Buildkit-mesh/wall_in_door.uasset" 113
"F:/Projects/Assignments/Level Design II/P1 - Mecha Facility/Unreal/OldWarehouse/Content/Old_Warehouse/Buildings/Textures/Brick_Buildkit/stonetile.uasset" 114
"F:/Projects/Assignments/Level Design II/P1 - Mecha Facility/Unreal/OldWarehouse/Content/Old_Warehouse/Buildings/Textures/Brick_Buildkit/stonetile_m.uasset" 115
"F:/Projects/Assignments/Level Design II/P1 - Mecha Facility/Unreal/OldWarehouse/Content/Old_Warehouse/Buildings/Textures/Brick_Buildkit/stonetile_n.uasset" 116
"F:/Projects/Assignments/Level Design II/P1 - Mecha Facility/Unreal/OldWarehouse/Content/Old_Warehouse/Buildings/Materials/Brick_Buildkit-Mats/stonetile-Mat.uasset" 117
"F:/Projects/Assignments/Level Design II/P1 - Mecha Facility/Unreal/OldWarehouse/Content/Old_Warehouse/Buildings/Meshes/Brick_Buildkit-mesh/Prebuilt/Floor02.uasset" 118
"F:/Projects/Assignments/Level Design II/P1 - Mecha Facility/Unreal/OldWarehouse/Content/Old_Warehouse/Buildings/Meshes/Brick_Buildkit-mesh/Prebuilt/Wall_Long-2.uasset" 119
"F:/Projects/Assignments/Level Design II/P1 - Mecha Facility/Unreal/OldWarehouse/Content/Old_Warehouse/Buildings/Meshes/Brick_Buildkit-mesh/Prebuilt/Wall_Long-3.uasset" 120
"F:/Projects/Assignments/Level Design II/P1 - Mecha Facility/Unreal/OldWarehouse/Content/Old_Warehouse/Buildings/Meshes/Brick_Buildkit-mesh/Prebuilt/Wall_Long-5.uasset" 121
"F:/Projects/Assignments/Level Design II/P1 - Mecha Facility/Unreal/OldWarehouse/Content/Old_Warehouse/Buildings/Textures/Brick_Buildkit/Woodboards03.uasset" 122
"F:/Projects/Assignments/Level Design II/P1 - Mecha Facility/Unreal/OldWarehouse/Content/Old_Warehouse/Buildings/Textures/Brick_Buildkit/Woodboards_m.uasset" 123
"F:/Projects/Assignments/Level Design II/P1 - Mecha Facility/Unreal/OldWarehouse/Content/Old_Warehouse/Buildings/Textures/Brick_Buildkit/Woodboards_n.uasset" 124
"F:/Projects/Assignments/Level Design II/P1 - Mecha Facility/Unreal/OldWarehouse/Content/Old_Warehouse/Buildings/Materials/Brick_Buildkit-Mats/wood-Mat.uasset" 125
"F:/Projects/Assignments/Level Design II/P1 - Mecha Facility/Unreal/OldWarehouse/Content/Old_Warehouse/Buildings/Meshes/Brick_Buildkit-mesh/Prebuilt/Structures/Warehouse/Warehouse-Ceiling01.uasset" 126
"F:/Projects/Assignments/Level Design II/P1 - Mecha Facility/Unreal/OldWarehouse/Content/Old_Warehouse/Buildings/Meshes/Brick_Buildkit-mesh/Prebuilt/Warehouse-Ceiling01.uasset" 127
"F:/Projects/Assignments/Level Design II/P1 - Mecha Facility/Unreal/OldWarehouse/Content/Old_Warehouse/Buildings/Textures/Brick_Buildkit/wall_side.uasset" 128
"F:/Projects/Assignments/Level Design II/P1 - Mecha Facility/Unreal/OldWarehouse/Content/Old_Warehouse/Buildings/Textures/Brick_Buildkit/wall_side_NM.uasset" 129
"F:/Projects/Assignments/Level Design II/P1 - Mecha Facility/Unreal/OldWarehouse/Content/Old_Warehouse/Buildings/Materials/Brick_Buildkit-Mats/wall_side-Mat.uasset" 130
"F:/Projects/Assignments/Level Design II/P1 - Mecha Facility/Unreal/OldWarehouse/Content/Old_Warehouse/Buildings/Meshes/Brick_Buildkit-mesh/Prebuilt/Structures/Warehouse/Warehouse-Exterior01.uasset" 131
"F:/Projects/Assignments/Level Design II/P1 - Mecha Facility/Unreal/OldWarehouse/Content/Old_Warehouse/Buildings/Meshes/Brick_Buildkit-mesh/Prebuilt/Warehouse-Exterior01.uasset" 132
"F:/Projects/Assignments/Level Design II/P1 - Mecha Facility/Unreal/OldWarehouse/Content/Old_Warehouse/Buildings/Meshes/Brick_Buildkit-mesh/Prebuilt/Structures/Warehouse/Warehouse-Floor01.uasset" 133
"F:/Projects/Assignments/Level Design II/P1 - Mecha Facility/Unreal/OldWarehouse/Content/Old_Warehouse/Buildings/Meshes/Brick_Buildkit-mesh/Prebuilt/Warehouse-Floor01.uasset" 134
"F:/Projects/Assignments/Level Design II/P1 - Mecha Facility/Unreal/OldWarehouse/Content/Old_Warehouse/Buildings/Textures/Brick_Buildkit/stonewall.uasset" 135
"F:/Projects/Assignments/Level Design II/P1 - Mecha Facility/Unreal/OldWarehouse/Content/Old_Warehouse/Buildings/Materials/Brick_Buildkit-Mats/stonebricks-Mat.uasset" 136
"F:/Projects/Assignments/Level Design II/P1 - Mecha Facility/Unreal/OldWarehouse/Content/Old_Warehouse/Buildings/Meshes/Brick_Buildkit-mesh/Prebuilt/Structures/Warehouse/Warehouse-Interior01.uasset" 137
"F:/Projects/Assignments/Level Design II/P1 - Mecha Facility/Unreal/OldWarehouse/Content/Old_Warehouse/Buildings/Meshes/Brick_Buildkit-mesh/Prebuilt/Warehouse-Interior01.uasset" 138
"F:/Projects/Assignments/Level Design II/P1 - Mecha Facility/Unreal/OldWarehouse/Content/Old_Warehouse/Buildings/Meshes/Brick_Buildkit-mesh/Prebuilt/Structures/Warehouse/Warehouse-Roof01.uasset" 139
"F:/Projects/Assignments/Level Design II/P1 - Mecha Facility/Unreal/OldWarehouse/Content/Old_Warehouse/Buildings/Meshes/Brick_Buildkit-mesh/Prebuilt/Warehouse-Roof01.uasset" 140
"F:/Projects/Assignments/Level Design II/P1 - Mecha Facility/Unreal/OldWarehouse/Content/Old_Warehouse/Buildings/Meshes/Brick_Buildkit-mesh/Prebuilt/Warehouse01.uasset" 141
"F:/Projects/Assignments/Level Design II/P1 - Mecha Facility/Unreal/OldWarehouse/Content/Old_Warehouse/Buildings/Meshes/Brick_Buildkit-mesh/Prebuilt/Warehouse02.uasset" 142
"F:/Projects/Assignments/Level Design II/P1 - Mecha Facility/Unreal/OldWarehouse/Content/Old_Warehouse/Buildings/Meshes/Brick_Buildkit-mesh/Prebuilt/Roof/Roof02.uasset" 143
"F:/Projects/Assignments/Level Design II/P1 - Mecha Facility/Unreal/OldWarehouse/Content/Old_Warehouse/Buildings/Meshes/Brick_Buildkit-mesh/Prebuilt/Roof/Roof03.uasset" 144
"F:/Projects/Assignments/Level Design II/P1 - Mecha Facility/Unreal/OldWarehouse/Content/Old_Warehouse/Buildings/Meshes/Brick_Buildkit-mesh/Prebuilt/Roof/Roof04.uasset" 145
"F:/Projects/Assignments/Level Design II/P1 - Mecha Facility/Unreal/OldWarehouse/Content/Old_Warehouse/Buildings/Meshes/Brick_Buildkit-mesh/Prebuilt/Roof/Roof05.uasset" 146
"F:/Projects/Assignments/Level Design II/P1 - Mecha Facility/Unreal/OldWarehouse/Content/Old_Warehouse/Buildings/Meshes/Brick_Buildkit-mesh/Prebuilt/Roof/RoofFull03.uasset" 147
"F:/Projects/Assignments/Level Design II/P1 - Mecha Facility/Unreal/OldWarehouse/Content/Old_Warehouse/Buildings/Meshes/Brick_Buildkit-mesh/Prebuilt/Roof/RoofFull04.uasset" 148
"F:/Projects/Assignments/Level Design II/P1 - Mecha Facility/Unreal/OldWarehouse/Content/Old_Warehouse/Buildings/Meshes/Brick_Buildkit-mesh/Prebuilt/Roof/RoofFull05.uasset" 149
"F:/Projects/Assignments/Level Design II/P1 - Mecha Facility/Unreal/OldWarehouse/Content/Old_Warehouse/Buildings/Meshes/Brick_Buildkit-mesh/Prebuilt/Roof/RoofTrimL.uasset" 150
"F:/Projects/Assignments/Level Design II/P1 - Mecha Facility/Unreal/OldWarehouse/Content/Old_Warehouse/Buildings/Meshes/Brick_Buildkit-mesh/Prebuilt/Roof/RoofTrimR.uasset" 151
"F:/Projects/Assignments/Level Design II/P1 - Mecha Facility/Unreal/OldWarehouse/Content/Old_Warehouse/Buildings/Meshes/Brick_Buildkit-mesh/Prebuilt/Structures/Warehouse/Warehouse-Floor02.uasset" 152
"F:/Projects/Assignments/Level Design II/P1 - Mecha Facility/Unreal/OldWarehouse/Content/Old_Warehouse/Buildings/Meshes/Villagestuff-mesh/floor-wide.uasset" 153
"F:/Projects/Assignments/Level Design II/P1 - Mecha Facility/Unreal/OldWarehouse/Content/Old_Warehouse/Buildings/Meshes/Villagestuff-mesh/roof-wide.uasset" 154
"F:/Projects/Assignments/Level Design II/P1 - Mecha Facility/Unreal/OldWarehouse/Content/Old_Warehouse/Buildings/Meshes/Villagestuff-mesh/SM_Fence_Var03.uasset" 155
"F:/Projects/Assignments/Level Design II/P1 - Mecha Facility/Unreal/OldWarehouse/Content/Old_Warehouse/Buildings/Meshes/Villagestuff-mesh/SM_Fence_Var04.uasset" 156
"F:/Projects/Assignments/Level Design II/P1 - Mecha Facility/Unreal/OldWarehouse/Content/Old_Warehouse/Buildings/Meshes/Villagestuff-mesh/wall-long_FULL.uasset" 157
"F:/Projects/Assignments/Level Design II/P1 - Mecha Facility/Unreal/OldWarehouse/Content/Old_Warehouse/Buildings/Meshes/Villagestuff-mesh/wall-wide.uasset" 158
"F:/Projects/Assignments/Level Design II/P1 - Mecha Facility/Unreal/OldWarehouse/Content/Old_Warehouse/Buildings/Meshes/Villagestuff-mesh/wall_corner-FULL.uasset" 159
"F:/Projects/Assignments/Level Design II/P1 - Mecha Facility/Unreal/OldWarehouse/Content/Old_Warehouse/Buildings/Meshes/Villagestuff-mesh/wall_in-wide.uasset" 160
"F:/Projects/Assignments/Level Design II/P1 - Mecha Facility/Unreal/OldWarehouse/Content/Old_Warehouse/Buildings/Textures/door_garage_M.uasset" 161
"F:/Projects/Assignments/Level Design II/P1 - Mecha Facility/Unreal/OldWarehouse/Content/Old_Warehouse/Buildings/Textures/floor_M.uasset" 162
"F:/Projects/Assignments/Level Design II/P1 - Mecha Facility/Unreal/OldWarehouse/Content/Old_Warehouse/Buildings/Textures/metal_M.uasset" 163
"F:/Projects/Assignments/Level Design II/P1 - Mecha Facility/Unreal/OldWarehouse/Content/Old_Warehouse/Buildings/Textures/old_paint_M.uasset" 164
"F:/Projects/Assignments/Level Design II/P1 - Mecha Facility/Unreal/OldWarehouse/Content/Old_Warehouse/Buildings/Textures/wall_M.uasset" 165
"F:/Projects/Assignments/Level Design II/P1 - Mecha Facility/Unreal/OldWarehouse/Content/Old_Warehouse/Buildings/Textures/Brick_Buildkit/floor_A.uasset" 166
"F:/Projects/Assignments/Level Design II/P1 - Mecha Facility/Unreal/OldWarehouse/Content/Old_Warehouse/Buildings/Textures/Brick_Buildkit/floor_N.uasset" 167
"../../Plugins/2D/Paper2D/Content/PlaceholderTextures/DummySpriteTexture.uasset" 168
"../../Plugins/2D/Paper2D/Content/DummySpriteTexture.uasset" 169
"../../Plugins/2D/Paper2D/Content/DefaultSpriteMaterial.uasset" 170
"../../Plugins/2D/Paper2D/Content/TranslucentUnlitSpriteMaterial.uasset" 171
"F:/Projects/Assignments/Level Design II/P1 - Mecha Facility/Unreal/OldWarehouse/Content/Old_Warehouse/Buildings/Textures/Brick_Buildkit/glass_TEX_Sprite.uasset" 172
"F:/Projects/Assignments/Level Design II/P1 - Mecha Facility/Unreal/OldWarehouse/Content/Old_Warehouse/Buildings/Textures/Brick_Buildkit/roofAO.uasset" 173
"F:/Projects/Assignments/Level Design II/P1 - Mecha Facility/Unreal/OldWarehouse/Content/Old_Warehouse/Buildings/Textures/Brick_Buildkit/Woodboards01.uasset" 174
"F:/Projects/Assignments/Level Design II/P1 - Mecha Facility/Unreal/OldWarehouse/Content/Old_Warehouse/Buildings/Textures/Brick_Buildkit/Woodboards02.uasset" 175
"F:/Projects/Assignments/Level Design II/P1 - Mecha Facility/Unreal/OldWarehouse/Content/Old_Warehouse/Buildings/Textures/Brick_Buildkit/Woodboards04.uasset" 176
"F:/Projects/Assignments/Level Design II/P1 - Mecha Facility/Unreal/OldWarehouse/Content/Old_Warehouse/FirstPerson/Character/Textures/UE4_LOGO_CARD.uasset" 177
"F:/Projects/Assignments/Level Design II/P1 - Mecha Facility/Unreal/OldWarehouse/Content/Old_Warehouse/FirstPerson/FPWeapon/Materials/MaterialLayers/ML_Plastic_Shiny_Beige_LOGO.uasset" 178
"F:/Projects/Assignments/Level Design II/P1 - Mecha Facility/Unreal/OldWarehouse/Content/Old_Warehouse/FirstPerson/FPWeapon/Materials/MaterialLayers/T_ML_FineRubber.uasset" 179
"F:/Projects/Assignments/Level Design II/P1 - Mecha Facility/Unreal/OldWarehouse/Content/Old_Warehouse/FirstPerson/FPWeapon/Mesh/SK_FPGun_PhysicsAsset.uasset" 180
"F:/Projects/Assignments/Level Design II/P1 - Mecha Facility/Unreal/OldWarehouse/Content/Old_Warehouse/FirstPerson/Meshes/BaseMaterial.uasset" 181
"F:/Projects/Assignments/Level Design II/P1 - Mecha Facility/Unreal/OldWarehouse/Content/Old_Warehouse/FirstPerson/Meshes/CubeMaterialOverride.uasset" 182
"F:/Projects/Assignments/Level Design II/P1 - Mecha Facility/Unreal/OldWarehouse/Content/Old_Warehouse/FirstPersonBP/FirstPersonOverview.uasset" 183
"F:/Projects/Assignments/Level Design II/P1 - Mecha Facility/Unreal/OldWarehouse/Content/Old_Warehouse/GoodSky/Source/Textures/T_GoodSky_noise_smooth.uasset" 184
"F:/Projects/Assignments/Level Design II/P1 - Mecha Facility/Unreal/OldWarehouse/Content/Old_Warehouse/GoodSky/Source/Materials/Material_Function/MF_GoodSky_LightningFlick.uasset" 185
"F:/Projects/Assignments/Level Design II/P1 - Mecha Facility/Unreal/OldWarehouse/Content/Old_Warehouse/GoodSky/Source/Materials/Light_Function/M_GoodSky_StormLightning_LightFunction.uasset" 186
"F:/Projects/Assignments/Level Design II/P1 - Mecha Facility/Unreal/OldWarehouse/Content/Old_Warehouse/GoodSky/Source/UI/WB_GoodSky_Menu.uasset" 187
"F:/Projects/Assignments/Level Design II/P1 - Mecha Facility/Unreal/OldWarehouse/Content/Old_Warehouse/Props/Mech/mech_cyan_AlbedoTransparency.uasset" 188
"F:/Projects/Assignments/Level Design II/P1 - Mecha Facility/Unreal/OldWarehouse/Content/Old_Warehouse/Props/Mech/mech_cyan_MetallicSmoothness.uasset" 189
"F:/Projects/Assignments/Level Design II/P1 - Mecha Facility/Unreal/OldWarehouse/Content/Old_Warehouse/Props/Mech/mech_cyan_Normal.uasset" 190
"F:/Projects/Assignments/Level Design II/P1 - Mecha Facility/Unreal/OldWarehouse/Content/Old_Warehouse/Props/Mech/mech-Mat.uasset" 191
"F:/Projects/Assignments/Level Design II/P1 - Mecha Facility/Unreal/OldWarehouse/Content/Old_Warehouse/Props/mech-Mat.uasset" 192
"../../../Engine/Content/Functions/Engine_MaterialFunctions01/Opacity/CameraDepthFade.uasset" 193
"../../../Engine/Content/EngineMaterials/T_Default_Material_Grid_M.uasset" 194
"../../../Engine/Content/EngineMaterials/T_Default_Material_Grid_N.uasset" 195
"../../../Engine/Content/EngineMaterials/WorldGridMaterial.uasset" 196
"F:/Projects/Assignments/Level Design II/P1 - Mecha Facility/Unreal/OldWarehouse/Content/Old_Warehouse/Props/Mech/mech.uasset" 197
"F:/Projects/Assignments/Level Design II/P1 - Mecha Facility/Unreal/OldWarehouse/Content/Old_Warehouse/Props/mech.uasset" 198
"F:/Projects/Assignments/Level Design II/P1 - Mecha Facility/Unreal/OldWarehouse/Content/Old_Warehouse/Props/MiscProps/toilet.uasset" 199
"F:/Projects/Assignments/Level Design II/P1 - Mecha Facility/Unreal/OldWarehouse/Content/Old_Warehouse/Props/toilet.uasset" 200
"../../../Engine/Content/Functions/Engine_MaterialFunctions01/Texturing/FlattenNormal.uasset" 201
"F:/Projects/Assignments/Level Design II/P1 - Mecha Facility/Unreal/OldWarehouse/Content/Old_Warehouse/Props/Materials/MF_MicroDetail_01a.uasset" 202
"../../../Engine/Content/Functions/Engine_MaterialFunctions01/ImageAdjustment/BlurSampleOffsets.uasset" 203
"../../../Engine/Content/EngineDebugMaterials/HeatmapGradient.uasset" 204
"../../../Engine/Content/Functions/Engine_MaterialFunctions01/ImageAdjustment/CheapContrast_RGB.uasset" 205
"../../../Engine/Content/Functions/Engine_MaterialFunctions02/HueShift.uasset" 206
"../../../Engine/Content/Functions/Engine_MaterialFunctions02/Texturing/ScreenAlignedPixelToPixelUVs.uasset" 207
"../../../Engine/Content/Functions/Engine_MaterialFunctions02/Utility/BlendAngleCorrectedNormals.uasset" 208
"../../../Engine/Content/EngineMaterials/Good64x64TilingNoiseHighFreq.uasset" 209
"../../../Engine/Content/Functions/Engine_MaterialFunctions02/Utility/DitherTemporalAA.uasset" 210
"F:/Projects/Assignments/Level Design II/P1 - Mecha Facility/Unreal/OldWarehouse/Content/Old_Warehouse/Props/Materials/Textures/B_N.uasset" 211
"F:/Projects/Assignments/Level Design II/P1 - Mecha Facility/Unreal/OldWarehouse/Content/Old_Warehouse/Props/Materials/Textures/BB_D.uasset" 212
"F:/Projects/Assignments/Level Design II/P1 - Mecha Facility/Unreal/OldWarehouse/Content/Old_Warehouse/Props/Materials/Textures/BG_D.uasset" 213
"F:/Projects/Assignments/Level Design II/P1 - Mecha Facility/Unreal/OldWarehouse/Content/Old_Warehouse/Props/Materials/Textures/T_MASK1.uasset" 214
"F:/Projects/Assignments/Level Design II/P1 - Mecha Facility/Unreal/OldWarehouse/Content/Old_Warehouse/Props/Materials/Textures/T_MASK2.uasset" 215
"F:/Projects/Assignments/Level Design II/P1 - Mecha Facility/Unreal/OldWarehouse/Content/Old_Warehouse/Props/Materials/M_base.uasset" 216
"F:/Projects/Assignments/Level Design II/P1 - Mecha Facility/Unreal/OldWarehouse/Content/Old_Warehouse/Props/Materials/Textures/T_Barrel01_D.uasset" 217
"F:/Projects/Assignments/Level Design II/P1 - Mecha Facility/Unreal/OldWarehouse/Content/Old_Warehouse/Props/Materials/Textures/T_Barrel01_N.uasset" 218
"F:/Projects/Assignments/Level Design II/P1 - Mecha Facility/Unreal/OldWarehouse/Content/Old_Warehouse/Props/Materials/Textures/T_Barrel01_SRM.uasset" 219
"F:/Projects/Assignments/Level Design II/P1 - Mecha Facility/Unreal/OldWarehouse/Content/Old_Warehouse/Props/Materials/MI_Barrel01_1.uasset" 220
"F:/Projects/Assignments/Level Design II/P1 - Mecha Facility/Unreal/OldWarehouse/Content/Old_Warehouse/Props/Materials/MI_Barrel01_6.uasset" 221
"F:/Projects/Assignments/Level Design II/P1 - Mecha Facility/Unreal/OldWarehouse/Content/Old_Warehouse/Props/Materials/Textures/T_Pack_11_Leafs_DO.uasset" 222
"F:/Projects/Assignments/Level Design II/P1 - Mecha Facility/Unreal/OldWarehouse/Content/Old_Warehouse/Terrain/Materials/Mountain_e_Summer.uasset" 223
"F:/Projects/Assignments/Level Design II/P1 - Mecha Facility/Unreal/OldWarehouse/Content/Old_Warehouse/Terrain/Materials/T_Landscape_Grass_DH.uasset" 224
"F:/Projects/Assignments/Level Design II/P1 - Mecha Facility/Unreal/OldWarehouse/Content/Old_Warehouse/Terrain/Materials/T_Landscape_Soil_DH.uasset" 225
"F:/Projects/Assignments/Level Design II/P1 - Mecha Facility/Unreal/OldWarehouse/Content/Old_Warehouse/Terrain/Materials/Foilage01/M_Uber_Cutout_Wind.uasset" 226
"F:/Projects/Assignments/Level Design II/P1 - Mecha Facility/Unreal/OldWarehouse/Content/Old_Warehouse/Terrain/Materials/Foilage01/Grass.uasset" 227
"F:/Projects/Assignments/Level Design II/P1 - Mecha Facility/Unreal/OldWarehouse/Content/Old_Warehouse/Terrain/Materials/Foilage01/T_Foliage_Var01_O.uasset" 228
"F:/Projects/Assignments/Level Design II/P1 - Mecha Facility/Unreal/OldWarehouse/Content/Old_Warehouse/Terrain/Materials/Foilage01/M_Inst_Landscape_Foliage_Var01.uasset" 229
"F:/Projects/Assignments/Level Design II/P1 - Mecha Facility/Unreal/OldWarehouse/Content/Old_Warehouse/Terrain/Materials/Foilage01/SM_GrassPatch_Var01.uasset" 230
"F:/Projects/Assignments/Level Design II/P1 - Mecha Facility/Unreal/OldWarehouse/Content/Old_Warehouse/Terrain/Materials/Foilage01/T_Foliage_Var01_D.uasset" 231
"F:/Projects/Assignments/Level Design II/P1 - Mecha Facility/Unreal/OldWarehouse/Content/Old_Warehouse/Terrain/Materials/Foilage01/M_Simple_Cutout_Wind.uasset" 232
"F:/Projects/Assignments/Level Design II/P1 - Mecha Facility/Unreal/OldWarehouse/Content/Old_Warehouse/Terrain/Materials/Foilage01/T_Foliage_Var02_D.uasset" 233
"F:/Projects/Assignments/Level Design II/P1 - Mecha Facility/Unreal/OldWarehouse/Content/Old_Warehouse/Terrain/Materials/Foilage01/T_Foliage_Var02_O.uasset" 234
"F:/Projects/Assignments/Level Design II/P1 - Mecha Facility/Unreal/OldWarehouse/Content/Old_Warehouse/Terrain/Materials/Foilage01/M_Inst_Landscape_Foliage_Var02.uasset" 235
"F:/Projects/Assignments/Level Design II/P1 - Mecha Facility/Unreal/OldWarehouse/Content/Old_Warehouse/Terrain/Materials/Foilage01/SM_GrassPatch_Var02.uasset" 236
"F:/Projects/Assignments/Level Design II/P1 - Mecha Facility/Unreal/OldWarehouse/Content/Old_Warehouse/Terrain/Materials/Foilage01/T_Foliage_Var03_D.uasset" 237
"F:/Projects/Assignments/Level Design II/P1 - Mecha Facility/Unreal/OldWarehouse/Content/Old_Warehouse/Terrain/Materials/Foilage01/T_Foliage_Var03_O.uasset" 238
"F:/Projects/Assignments/Level Design II/P1 - Mecha Facility/Unreal/OldWarehouse/Content/Old_Warehouse/Terrain/Materials/Foilage01/M_Inst_Landscape_Foliage_Var03.uasset" 239
"F:/Projects/Assignments/Level Design II/P1 - Mecha Facility/Unreal/OldWarehouse/Content/Old_Warehouse/Terrain/Materials/Foilage01/SM_GrassPatch_Var03.uasset" 240
"../../../Engine/Content/Animation/DefaultAnimCurveCompressionSettings.uasset" 241
"../../../Engine/Content/ArtTools/RenderToTexture/Meshes/S_1_Unit_Plane.uasset" 242
"../../../Engine/Content/EngineMaterials/DefaultMaterial.uasset" 243
"../../../Engine/Content/BasicShapes/Cone.uasset" 244
"../../../Engine/Content/BasicShapes/Cylinder.uasset" 245
"../../../Engine/Content/EditorLandscapeResources/DataLayer.uasset" 246
"../../../Engine/Content/EditorMaterials/MAT_Groups_Toggle.uasset" 247
"../../../Engine/Content/EditorMaterials/MAT_Groups_Visibility.uasset" 248
"../../../Engine/Content/EditorMaterials/PreviewShadowIndicator.uasset" 249
"../../../Engine/Content/EditorMaterials/PreviewShadowIndicatorMaterial.uasset" 250
"../../../Engine/Content/EditorMaterials/MatineeGroups/MAT_ColorTrack.uasset" 251
"../../../Engine/Content/EditorMaterials/MatineeGroups/MAT_Groups_Anim.uasset" 252
"../../../Engine/Content/EditorMaterials/MatineeGroups/MAT_Groups_AudioMaster.uasset" 253
"../../../Engine/Content/EditorMaterials/MatineeGroups/MAT_Groups_Director.uasset" 254
"../../../Engine/Content/EditorMaterials/MatineeGroups/MAT_Groups_Event.uasset" 255
"../../../Engine/Content/EditorMaterials/MatineeGroups/MAT_Groups_Fade.uasset" 256
"../../../Engine/Content/EditorMaterials/MatineeGroups/MAT_Groups_Float.uasset" 257
"../../../Engine/Content/EditorMaterials/MatineeGroups/MAT_Groups_Move.uasset" 258
"../../../Engine/Content/EditorMaterials/MatineeGroups/MAT_Groups_Slomo.uasset" 259
"../../../Engine/Content/EditorMaterials/MatineeGroups/MAT_Groups_Sound.uasset" 260
"../../../Engine/Content/EditorMaterials/MatineeGroups/MAT_Groups_Vector.uasset" 261
"../../../Engine/Content/EditorMaterials/ParticleSystems/PSysThumbnail_NoImage.uasset" 262
"../../../Engine/Content/EditorMaterials/ParticleSystems/PSysThumbnail_OOD.uasset" 263
"../../../Engine/Content/EditorMaterials/Camera/CineMat.uasset" 264
"../../../Engine/Content/EditorMaterials/Camera/MI_CineMat_Rig.uasset" 265
"../../../Engine/Content/EditorMeshes/Camera/SM_CraneRig_Arm.uasset" 266
"../../../Engine/Content/EditorMeshes/Camera/SM_CraneRig_Base.uasset" 267
"../../../Engine/Content/EditorMeshes/Camera/SM_CraneRig_Body.uasset" 268
"../../../Engine/Content/EditorMeshes/Camera/SM_CraneRig_Mount.uasset" 269
"../../../Engine/Content/EditorMeshes/Camera/SM_RailRig_Mount.uasset" 270
"../../../Engine/Content/EditorMeshes/Camera/SM_RailRig_Track.uasset" 271
"../../../Engine/Content/EditorResources/BSPVertex.uasset" 272
"../../../Engine/Content/EditorResources/EmptyActor.uasset" 273
"../../../Engine/Content/EditorResources/S_Actor.uasset" 274
"../../../Engine/Content/EditorResources/S_Note.uasset" 275
"../../../Engine/Content/EditorResources/S_Solver.uasset" 276
"../../../Engine/Content/EditorResources/S_Trigger.uasset" 277
"../../../Engine/Content/EditorResources/LightIcons/S_LightError.uasset" 278
"../../../Engine/Content/EditorResources/SequenceRecorder/Countdown.uasset" 279
"../../../Engine/Content/EditorResources/SequenceRecorder/RecordingIndicator.uasset" 280
"../../../Engine/Content/EditorSounds/Notifications/CompileFailed.uasset" 281
"../../../Engine/Content/EditorSounds/Notifications/CompileFailed_Cue.uasset" 282
"../../../Engine/Content/EditorSounds/Notifications/CompileSuccess.uasset" 283
"../../../Engine/Content/EditorSounds/Notifications/CompileStart_Cue.uasset" 284
"../../../Engine/Content/EditorSounds/Notifications/CompileSuccess_Cue.uasset" 285
"../../../Engine/Content/EngineDamageTypes/DmgTypeBP_Environmental.uasset" 286
"../../../Engine/Content/EngineDebugMaterials/DebugEditorMaterial.uasset" 287
"../../../Engine/Content/EngineDebugMaterials/DebugMeshMaterial.uasset" 288
"../../../Engine/Content/EngineDebugMaterials/M_SimpleTranslucent.uasset" 289
"../../../Engine/Content/Functions/Engine_MaterialFunctions02/Utility/CameraDirectionVector.uasset" 290
"../../../Engine/Content/EngineDebugMaterials/VolumeToRender.uasset" 291
"../../../Engine/Content/EngineDebugMaterials/M_VolumeRenderSphereTracePP.uasset" 292
"../../../Engine/Content/EngineDebugMaterials/WireframeMaterial.uasset" 293
"../../../Engine/Content/EngineFonts/Faces/DroidSansFallback.uasset" 294
"../../../Engine/Content/EngineFonts/Faces/RobotoBold.uasset" 295
"../../../Engine/Content/EngineFonts/Faces/RobotoBoldItalic.uasset" 296
"../../../Engine/Content/EngineFonts/Faces/RobotoItalic.uasset" 297
"../../../Engine/Content/EngineFonts/Faces/RobotoLight.uasset" 298
"../../../Engine/Content/EngineFonts/Faces/RobotoRegular.uasset" 299
"../../../Engine/Content/EngineFonts/Roboto.uasset" 300
"../../../Engine/Content/EngineMaterials/BaseFlattenDiffuseMap.uasset" 301
"../../../Engine/Content/EngineMaterials/BaseFlattenEmissiveMap.uasset" 302
"../../../Engine/Content/EngineMaterials/BaseFlattenGrayscaleMap.uasset" 303
"../../../Engine/Content/EngineMaterials/BaseFlattenNormalMap.uasset" 304
"../../../Engine/Content/EngineMaterials/BaseFlattenMaterial.uasset" 305
"../../../Engine/Content/EngineMaterials/BlueNoise.uasset" 306
"../../../Engine/Content/EngineMaterials/DefaultBloomKernel.uasset" 307
"../../../Engine/Content/EngineMaterials/DefaultBokeh.uasset" 308
"../../../Engine/Content/EngineMaterials/DefaultDiffuse.uasset" 309
"../../../Engine/Content/EngineMaterials/DefaultDeferredDecalMaterial.uasset" 310
"../../../Engine/Content/EngineMaterials/DefaultLightFunctionMaterial.uasset" 311
"../../../Engine/Content/Functions/Engine_MaterialFunctions02/Utility/BreakOutFloat2Components.uasset" 312
"../../../Engine/Content/EngineMaterials/DefaultPostProcessMaterial.uasset" 313
"../../../Engine/Content/EngineFonts/RobotoDistanceField.uasset" 314
"../../../Engine/Content/EngineMaterials/DefaultTextMaterialOpaque.uasset" 315
"../../../Engine/Content/EngineMaterials/DefaultVirtualTextureMaterial.uasset" 316
"../../../Engine/Content/EngineMaterials/DefaultWhiteGrid.uasset" 317
"../../../Engine/Content/EngineMaterials/DefaultWhiteGrid_Low.uasset" 318
"../../../Engine/Content/EngineMaterials/EmissiveMeshMaterial.uasset" 319
"../../../Engine/Content/EngineMaterials/GizmoMaterial.uasset" 320
"../../../Engine/Content/EngineMaterials/HairDefaultMaterial.uasset" 321
"../../../Engine/Content/EngineMaterials/MiniFont.uasset" 322
"../../../Engine/Content/EngineMaterials/InvalidLightmapSettings.uasset" 323
"../../../Engine/Content/EngineMaterials/M_InvalidLightmapSettings.uasset" 324
"../../../Engine/Content/Functions/Engine_MaterialFunctions02/WorldPositionOffset/CameraOffset.uasset" 325
"../../../Engine/Content/EngineMaterials/PhAT_JointLimitMaterial.uasset" 326
"../../../Engine/Content/EngineMaterials/PreintegratedSkinBRDF.uasset" 327
"../../../Engine/Content/EngineMaterials/RemoveSurfaceMaterial.uasset" 328
"../../../Engine/Content/EngineMaterials/WeightMapPlaceholderTexture.uasset" 329
"../../../Engine/Content/EngineResources/WhiteSquareTexture.uasset" 330
"../../../Engine/Content/EngineMaterials/Widget3DPassThrough.uasset" 331
"../../../Engine/Content/EngineMaterials/Widget3DPassThrough_Masked.uasset" 332
"../../../Engine/Content/EngineMaterials/Widget3DPassThrough_Opaque.uasset" 333
"../../../Engine/Content/EngineMaterials/Widget3DPassThrough_Masked_OneSided.uasset" 334
"../../../Engine/Content/EngineMaterials/Widget3DPassThrough_Opaque_OneSided.uasset" 335
"../../../Engine/Content/EngineMaterials/Widget3DPassThrough_Translucent.uasset" 336
"../../../Engine/Content/EngineMaterials/Widget3DPassThrough_Translucent_OneSided.uasset" 337
"../../../Engine/Content/EngineMeshes/Cylinder.uasset" 338
"../../../Engine/Content/EngineMeshes/Sphere.uasset" 339
"../../../Engine/Content/EngineResources/Black.uasset" 340
"../../../Engine/Content/EngineResources/DefaultTexture.uasset" 341
"../../../Engine/Content/EngineResources/DefaultTextureCube.uasset" 342
"../../../Engine/Content/EngineResources/DefaultVolumeTexture2D.uasset" 343
"../../../Engine/Content/EngineResources/DefaultVolumeTexture.uasset" 344
"../../../Engine/Content/EngineResources/GradientTexture0.uasset" 345
"../../../Engine/Content/EngineSounds/Master.uasset" 346
"../../../Engine/Content/Functions/Engine_MaterialFunctions01/Shading/ConvertFromDiffSpec.uasset" 347
"../../../Engine/Content/Functions/Engine_MaterialFunctions01/Shading/PowerToRoughness.uasset" 348
"../../../Engine/Content/Maps/Templates/Thumbnails/Default.uasset" 349
"../../../Engine/Content/Maps/Templates/Thumbnails/TimeOfDay.uasset" 350
"../../../Engine/Content/Maps/Templates/Thumbnails/VR-Basic.uasset" 351
"../../../Engine/Content/MobileResources/T_MobileControls_texture.uasset" 352
"../../../Engine/Content/MobileResources/T_MobileMenu2.uasset" 353
"../../../Engine/Content/MobileResources/HUD/AnalogHat.uasset" 354
"../../../Engine/Content/MobileResources/HUD/VirtualJoystick_Background.uasset" 355
"../../../Engine/Content/MobileResources/HUD/VirtualJoystick_Thumb.uasset" 356
"../../../Engine/Content/MobileResources/HUD/DefaultVirtualJoysticks.uasset" 357
"../../../Engine/Content/MobileResources/HUD/LeftVirtualJoystickOnly.uasset" 358
"../../../Engine/Content/MobileResources/HUD/MobileHUDButton1_off.uasset" 359
"../../../Engine/Content/MobileResources/HUD/MobileHUDButton1_on.uasset" 360
"../../../Engine/Content/MobileResources/HUD/MobileHUDButton2_off.uasset" 361
"../../../Engine/Content/MobileResources/HUD/MobileHUDButton2_on.uasset" 362
"../../../Engine/Content/MobileResources/HUD/MobileHUDButton3.uasset" 363
"../../../Engine/Content/MobileResources/HUD/MobileHUDButtonFire.uasset" 364
"../../../Engine/Content/MobileResources/HUD/MobileHUDDirectionPad.uasset" 365
"../../../Engine/Content/MobileResources/HUD/MobileHUDDirectionPad2.uasset" 366
"../../../Engine/Content/MobileResources/HUD/MobileHUDDirectionPad3.uasset" 367
"../../../Engine/Content/MobileResources/HUD/MobileHUDDirectionStick.uasset" 368
"../../../Engine/Content/MobileResources/HUD/T_Castle_ThumbstickInner.uasset" 369
"../../../Engine/Content/MobileResources/HUD/T_Castle_ThumbstickOutter.uasset" 370
"../../../Engine/Content/Tutorial/ContentIntroCurve.uasset" 371
"../../../Engine/Content/Tutorial/Basics/LevelEditorAttract.uasset" 372
"../../../Engine/Content/Tutorial/Basics/TutorialAssets/icon_tab_Levels_40x.uasset" 373
"../../../Engine/Content/Tutorial/Basics/LevelEditorOverview.uasset" 374
"../../../Engine/Content/VREditor/LaserPointer/VR_LaserPower_01.uasset" 375
"../../../Engine/Content/VREditor/TransformGizmo/TransformGizmoMaterial.uasset" 376
"../../../Engine/Content/VREditor/TransformGizmo/TranslucentTransformGizmoMaterial.uasset" 377
"../../../Engine/Content/VREditor/TransformGizmo/BoundingBoxCorner.uasset" 378
"../../../Engine/Content/VREditor/TransformGizmo/BoundingBoxEdge.uasset" 379
"../../../Engine/Content/VREditor/TransformGizmo/PlaneTranslationHandle.uasset" 380
"../../../Engine/Content/VREditor/TransformGizmo/Main.uasset" 381
"../../../Engine/Content/VREditor/TransformGizmo/Xray.uasset" 382
"../../../Engine/Content/VREditor/TransformGizmo/SM_Sequencer_Key.uasset" 383
"../../../Engine/Content/VREditor/TransformGizmo/SM_Sequencer_Node.uasset" 384
"../../Plugins/2D/Paper2D/Content/DummySprite.uasset" 385
"../../Plugins/2D/Paper2D/Content/DefaultPaperTerrainMaterial.uasset" 386
"../../Plugins/2D/Paper2D/Content/MaskedUnlitSpriteMaterial.uasset" 387
"../../Plugins/2D/Paper2D/Content/OpaqueUnlitSpriteMaterial.uasset" 388
"../../../Engine/Content/Functions/Engine_MaterialFunctions02/Utility/BreakOutFloat4Components.uasset" 389
"../../../Engine/Content/Functions/Engine_MaterialFunctions02/Utility/MakeFloat2.uasset" 390
"../../../Engine/Content/Functions/Engine_MaterialFunctions02/Utility/MakeFloat3.uasset" 391
"../../Plugins/Runtime/Oculus/OculusVR/Content/Materials/OculusMR_ChromaKey.uasset" 392
"../../Plugins/Runtime/Oculus/OculusVR/Content/Materials/OculusMR_ChromaKey_Lit.uasset" 393
"../../Plugins/Runtime/Oculus/OculusVR/Content/Materials/OculusMR_OpaqueColoredMaterial.uasset" 394
"../../Plugins/Runtime/Oculus/OculusVR/Content/Materials/OculusMR_WhiteMaterial.uasset" 395
"F:/Projects/Assignments/Level Design II/P1 - Mecha Facility/Unreal/OldWarehouse/Content/Old_Warehouse/FirstPerson/Character/Mesh/SK_Mannequin_Arms_Skeleton.uasset" 396
"F:/Projects/Assignments/Level Design II/P1 - Mecha Facility/Unreal/OldWarehouse/Content/Old_Warehouse/FirstPerson/Animations/FirstPerson_Idle.uasset" 397
"F:/Projects/Assignments/Level Design II/P1 - Mecha Facility/Unreal/OldWarehouse/Content/Old_Warehouse/FirstPerson/Animations/FirstPerson_JumpEnd.uasset" 398
"F:/Projects/Assignments/Level Design II/P1 - Mecha Facility/Unreal/OldWarehouse/Content/Old_Warehouse/FirstPerson/Animations/FirstPerson_JumpLoop.uasset" 399
"F:/Projects/Assignments/Level Design II/P1 - Mecha Facility/Unreal/OldWarehouse/Content/Old_Warehouse/FirstPerson/Animations/FirstPerson_JumpStart.uasset" 400
"F:/Projects/Assignments/Level Design II/P1 - Mecha Facility/Unreal/OldWarehouse/Content/Old_Warehouse/FirstPerson/Animations/FirstPerson_Run.uasset" 401
"../../../Engine/Content/EditorBlueprintResources/StandardMacros.uasset" 402
"F:/Projects/Assignments/Level Design II/P1 - Mecha Facility/Unreal/OldWarehouse/Content/Old_Warehouse/FirstPerson/Animations/FirstPerson_AnimBP.uasset" 403
"F:/Projects/Assignments/Level Design II/P1 - Mecha Facility/Unreal/OldWarehouse/Content/Old_Warehouse/FirstPerson/Animations/FirstPerson_Fire.uasset" 404
"F:/Projects/Assignments/Level Design II/P1 - Mecha Facility/Unreal/OldWarehouse/Content/Old_Warehouse/FirstPerson/Animations/FirstPersonFire_Montage.uasset" 405
"F:/Projects/Assignments/Level Design II/P1 - Mecha Facility/Unreal/OldWarehouse/Content/Old_Warehouse/FirstPerson/Meshes/FirstPersonProjectileMaterial.uasset" 406
"F:/Projects/Assignments/Level Design II/P1 - Mecha Facility/Unreal/OldWarehouse/Content/Old_Warehouse/FirstPerson/Meshes/FirstPersonProjectileMesh.uasset" 407
"F:/Projects/Assignments/Level Design II/P1 - Mecha Facility/Unreal/OldWarehouse/Content/Old_Warehouse/FirstPersonBP/Blueprints/FirstPersonProjectile.uasset" 408
"F:/Projects/Assignments/Level Design II/P1 - Mecha Facility/Unreal/OldWarehouse/Content/Old_Warehouse/FirstPerson/Audio/FirstPersonTemplateWeaponFire02.uasset" 409
"../../../Engine/Content/Functions/MaterialLayerFunctions/MatLayerBlend_NormalBlend.uasset" 410
"../../../Engine/Content/Functions/MaterialLayerFunctions/MatLayerBlend_Simple.uasset" 411
"F:/Projects/Assignments/Level Design II/P1 - Mecha Facility/Unreal/OldWarehouse/Content/Old_Warehouse/FirstPerson/Character/Materials/MaterialLayers/T_ML_Rubber_Blue_01_D.uasset" 412
"F:/Projects/Assignments/Level Design II/P1 - Mecha Facility/Unreal/OldWarehouse/Content/Old_Warehouse/FirstPerson/Character/Materials/MaterialLayers/T_ML_Rubber_Blue_01_N.uasset" 413
"F:/Projects/Assignments/Level Design II/P1 - Mecha Facility/Unreal/OldWarehouse/Content/Old_Warehouse/FirstPerson/Character/Materials/MaterialLayers/ML_GlossyBlack_Latex_UE4.uasset" 414
"F:/Projects/Assignments/Level Design II/P1 - Mecha Facility/Unreal/OldWarehouse/Content/Old_Warehouse/FirstPerson/Character/Materials/MaterialLayers/ML_Plastic_Shiny_Beige.uasset" 415
"F:/Projects/Assignments/Level Design II/P1 - Mecha Facility/Unreal/OldWarehouse/Content/Old_Warehouse/FirstPerson/Character/Materials/MaterialLayers/ML_Plastic_Shiny_Beige_LOGO.uasset" 416
"F:/Projects/Assignments/Level Design II/P1 - Mecha Facility/Unreal/OldWarehouse/Content/Old_Warehouse/FirstPerson/Character/Materials/MaterialLayers/T_ML_Aluminum01.uasset" 417
"F:/Projects/Assignments/Level Design II/P1 - Mecha Facility/Unreal/OldWarehouse/Content/Old_Warehouse/FirstPerson/Character/Materials/MaterialLayers/T_ML_Aluminum01_N.uasset" 418
"F:/Projects/Assignments/Level Design II/P1 - Mecha Facility/Unreal/OldWarehouse/Content/Old_Warehouse/FirstPerson/Character/Materials/MaterialLayers/ML_SoftMetal_UE4.uasset" 419
"F:/Projects/Assignments/Level Design II/P1 - Mecha Facility/Unreal/OldWarehouse/Content/Old_Warehouse/FirstPerson/Character/Textures/UE4_Mannequin__normals.uasset" 420
"F:/Projects/Assignments/Level Design II/P1 - Mecha Facility/Unreal/OldWarehouse/Content/Old_Warehouse/FirstPerson/Character/Textures/UE4_Mannequin_MAT_MASKA.uasset" 421
"F:/Projects/Assignments/Level Design II/P1 - Mecha Facility/Unreal/OldWarehouse/Content/Old_Warehouse/FirstPerson/Character/Materials/M_UE4Man_Body.uasset" 422
"F:/Projects/Assignments/Level Design II/P1 - Mecha Facility/Unreal/OldWarehouse/Content/Old_Warehouse/FirstPerson/Character/Mesh/SK_Mannequin_Arms_PhysicsAsset.uasset" 423
"F:/Projects/Assignments/Level Design II/P1 - Mecha Facility/Unreal/OldWarehouse/Content/Old_Warehouse/FirstPerson/Character/Mesh/SK_Mannequin_Arms.uasset" 424
"F:/Projects/Assignments/Level Design II/P1 - Mecha Facility/Unreal/OldWarehouse/Content/Old_Warehouse/FirstPerson/FPWeapon/Materials/MaterialLayers/T_ML_Rubber_Blue_01_D.uasset" 425
"F:/Projects/Assignments/Level Design II/P1 - Mecha Facility/Unreal/OldWarehouse/Content/Old_Warehouse/FirstPerson/FPWeapon/Materials/MaterialLayers/T_ML_Rubber_Blue_01_N.uasset" 426
"F:/Projects/Assignments/Level Design II/P1 - Mecha Facility/Unreal/OldWarehouse/Content/Old_Warehouse/FirstPerson/FPWeapon/Materials/MaterialLayers/ML_GlossyBlack_Latex_UE4.uasset" 427
"F:/Projects/Assignments/Level Design II/P1 - Mecha Facility/Unreal/OldWarehouse/Content/Old_Warehouse/FirstPerson/FPWeapon/Materials/MaterialLayers/ML_Plastic_Shiny_Beige.uasset" 428
"F:/Projects/Assignments/Level Design II/P1 - Mecha Facility/Unreal/OldWarehouse/Content/Old_Warehouse/FirstPerson/FPWeapon/Materials/MaterialLayers/ML_Screen.uasset" 429
"F:/Projects/Assignments/Level Design II/P1 - Mecha Facility/Unreal/OldWarehouse/Content/Old_Warehouse/FirstPerson/FPWeapon/Materials/MaterialLayers/T_ML_Aluminum01.uasset" 430
"F:/Projects/Assignments/Level Design II/P1 - Mecha Facility/Unreal/OldWarehouse/Content/Old_Warehouse/FirstPerson/FPWeapon/Materials/MaterialLayers/T_ML_Aluminum01_N.uasset" 431
"F:/Projects/Assignments/Level Design II/P1 - Mecha Facility/Unreal/OldWarehouse/Content/Old_Warehouse/FirstPerson/FPWeapon/Materials/MaterialLayers/ML_SoftMetal_UE4.uasset" 432
"F:/Projects/Assignments/Level Design II/P1 - Mecha Facility/Unreal/OldWarehouse/Content/Old_Warehouse/FirstPerson/FPWeapon/Textures/T_FPGun_M.uasset" 433
"F:/Projects/Assignments/Level Design II/P1 - Mecha Facility/Unreal/OldWarehouse/Content/Old_Warehouse/FirstPerson/FPWeapon/Textures/T_FPGun_N.uasset" 434
"F:/Projects/Assignments/Level Design II/P1 - Mecha Facility/Unreal/OldWarehouse/Content/Old_Warehouse/FirstPerson/FPWeapon/Materials/M_FPGun.uasset" 435
"F:/Projects/Assignments/Level Design II/P1 - Mecha Facility/Unreal/OldWarehouse/Content/Old_Warehouse/FirstPerson/FPWeapon/Mesh/SK_FPGun_Skeleton.uasset" 436
"F:/Projects/Assignments/Level Design II/P1 - Mecha Facility/Unreal/OldWarehouse/Content/Old_Warehouse/FirstPerson/FPWeapon/Mesh/SK_FPGun.uasset" 437
"F:/Projects/Assignments/Level Design II/P1 - Mecha Facility/Unreal/OldWarehouse/Content/Old_Warehouse/FirstPersonBP/Blueprints/FirstPersonCharacter.uasset" 438
"F:/Projects/Assignments/Level Design II/P1 - Mecha Facility/Unreal/OldWarehouse/Content/Old_Warehouse/GoodSky/Source/Data/Curve/Curve_GoodSky_Stars.uasset" 439
"F:/Projects/Assignments/Level Design II/P1 - Mecha Facility/Unreal/OldWarehouse/Content/Old_Warehouse/GoodSky/Source/Data/Curve/Curve_GoodSky_SunLight.uasset" 440
"F:/Projects/Assignments/Level Design II/P1 - Mecha Facility/Unreal/OldWarehouse/Content/Old_Warehouse/GoodSky/Source/Data/Curve/Curve_GoodSky_AllOverlayColor.uasset" 441
"F:/Projects/Assignments/Level Design II/P1 - Mecha Facility/Unreal/OldWarehouse/Content/Old_Warehouse/GoodSky/Source/Data/Curve/Curve_GoodSky_BaseCloudColor.uasset" 442
"F:/Projects/Assignments/Level Design II/P1 - Mecha Facility/Unreal/OldWarehouse/Content/Old_Warehouse/GoodSky/Source/Data/Curve/Curve_GoodSky_DomeColor.uasset" 443
"F:/Projects/Assignments/Level Design II/P1 - Mecha Facility/Unreal/OldWarehouse/Content/Old_Warehouse/GoodSky/Source/Data/Curve/Curve_GoodSky_horizon_Color.uasset" 444
"F:/Projects/Assignments/Level Design II/P1 - Mecha Facility/Unreal/OldWarehouse/Content/Old_Warehouse/GoodSky/Source/Data/Curve/Curve_GoodSky_SunDirection_Vector.uasset" 445
"F:/Projects/Assignments/Level Design II/P1 - Mecha Facility/Unreal/OldWarehouse/Content/Old_Warehouse/GoodSky/Source/Data/Structure/Structure_GoodSky.uasset" 446
"F:/Projects/Assignments/Level Design II/P1 - Mecha Facility/Unreal/OldWarehouse/Content/Old_Warehouse/GoodSky/Source/Data/DataTable/DataTable_GoodSky.uasset" 447
"F:/Projects/Assignments/Level Design II/P1 - Mecha Facility/Unreal/OldWarehouse/Content/Old_Warehouse/GoodSky/Source/ArrowTool/T_GoodSky_SkyRing.uasset" 448
"F:/Projects/Assignments/Level Design II/P1 - Mecha Facility/Unreal/OldWarehouse/Content/Old_Warehouse/GoodSky/Source/ArrowTool/M_GoodSky_SkyRing_.uasset" 449
"F:/Projects/Assignments/Level Design II/P1 - Mecha Facility/Unreal/OldWarehouse/Content/Old_Warehouse/GoodSky/Source/ArrowTool/M_GoodSky_Sun_Emissive.uasset" 450
"../../../Engine/Content/Functions/Engine_MaterialFunctions01/Gradient/LinearGradient.uasset" 451
"F:/Projects/Assignments/Level Design II/P1 - Mecha Facility/Unreal/OldWarehouse/Content/Old_Warehouse/GoodSky/Source/Materials/Material_Function/MF_GoodSky_SkyDomeAlpha.uasset" 452
"F:/Projects/Assignments/Level Design II/P1 - Mecha Facility/Unreal/OldWarehouse/Content/Old_Warehouse/GoodSky/Source/Materials/Material_Function/MF_GoodSky_Time.uasset" 453
"F:/Projects/Assignments/Level Design II/P1 - Mecha Facility/Unreal/OldWarehouse/Content/Old_Warehouse/GoodSky/Source/Textures/T_GoodSky_clouds_A.uasset" 454
"F:/Projects/Assignments/Level Design II/P1 - Mecha Facility/Unreal/OldWarehouse/Content/Old_Warehouse/GoodSky/Source/Textures/T_GoodSky_clouds_B.uasset" 455
"F:/Projects/Assignments/Level Design II/P1 - Mecha Facility/Unreal/OldWarehouse/Content/Old_Warehouse/GoodSky/Source/Textures/T_GoodSky_clouds_F.uasset" 456
"F:/Projects/Assignments/Level Design II/P1 - Mecha Facility/Unreal/OldWarehouse/Content/Old_Warehouse/GoodSky/Source/Textures/T_GoodSky_clouds_sphere.uasset" 457
"F:/Projects/Assignments/Level Design II/P1 - Mecha Facility/Unreal/OldWarehouse/Content/Old_Warehouse/GoodSky/Source/Materials/M_GoodSky_Base.uasset" 458
"../../../Engine/Content/Functions/Engine_MaterialFunctions01/Density/ExponentialDensity.uasset" 459
"../../../Engine/Content/Functions/Engine_MaterialFunctions01/Gradient/RadialGradientExponential.uasset" 460
"../../../Engine/Content/Functions/Engine_MaterialFunctions01/Texturing/ScaleUVsAroundPoint.uasset" 461
"F:/Projects/Assignments/Level Design II/P1 - Mecha Facility/Unreal/OldWarehouse/Content/Old_Warehouse/GoodSky/Source/Textures/T_GoodSky_Moon.uasset" 462
"F:/Projects/Assignments/Level Design II/P1 - Mecha Facility/Unreal/OldWarehouse/Content/Old_Warehouse/GoodSky/Source/Materials/M_GoodSky_Moon.uasset" 463
"../../../Engine/Content/Functions/Engine_MaterialFunctions01/Texturing/ComputeMipLevel.uasset" 464
"../../../Engine/Content/Functions/Engine_MaterialFunctions01/Texturing/TextureCropping.uasset" 465
"../../../Engine/Content/Functions/Engine_MaterialFunctions02/Utility/BreakOutFloat3Components.uasset" 466
"../../../Engine/Content/Functions/Engine_MaterialFunctions02/ExampleContent/DebugNumberStrip.uasset" 467
"../../../Engine/Content/Functions/Engine_MaterialFunctions02/ExampleContent/Textures/DebugNumberPeriod.uasset" 468
"../../../Engine/Content/Functions/Engine_MaterialFunctions02/Utility/DebugScalarValues.uasset" 469
"../../../Engine/Content/Functions/Engine_MaterialFunctions02/Utility/DebugFloat3Values.uasset" 470
"../../../Engine/Content/Functions/Engine_MaterialFunctions02/Math/RGBtoHSV.uasset" 471
"F:/Projects/Assignments/Level Design II/P1 - Mecha Facility/Unreal/OldWarehouse/Content/Old_Warehouse/GoodSky/Source/Textures/T_GoodSky_Lightning.uasset" 472
"F:/Projects/Assignments/Level Design II/P1 - Mecha Facility/Unreal/OldWarehouse/Content/Old_Warehouse/GoodSky/Source/Materials/M_GoodSky_Storm.uasset" 473
"F:/Projects/Assignments/Level Design II/P1 - Mecha Facility/Unreal/OldWarehouse/Content/Old_Warehouse/GoodSky/Source/Textures/T_GoodSky_Stars.uasset" 474
"F:/Projects/Assignments/Level Design II/P1 - Mecha Facility/Unreal/OldWarehouse/Content/Old_Warehouse/GoodSky/Source/Materials/M_GoodSky_Sun_Stars.uasset" 475
"../../../Engine/Content/BasicShapes/Plane.uasset" 476
"../../../Engine/Content/BasicShapes/Sphere.uasset" 477
"F:/Projects/Assignments/Level Design II/P1 - Mecha Facility/Unreal/OldWarehouse/Content/Old_Warehouse/GoodSky/Source/ArrowTool/SM_GoodSky_StarMesh.uasset" 478
"F:/Projects/Assignments/Level Design II/P1 - Mecha Facility/Unreal/OldWarehouse/Content/Old_Warehouse/GoodSky/Source/Data/Enum/Enum_GoodSky_Clouds_Coverage.uasset" 479
"F:/Projects/Assignments/Level Design II/P1 - Mecha Facility/Unreal/OldWarehouse/Content/Old_Warehouse/GoodSky/Source/Data/Enum/Enum_GoodSky_Effects.uasset" 480
"F:/Projects/Assignments/Level Design II/P1 - Mecha Facility/Unreal/OldWarehouse/Content/Old_Warehouse/GoodSky/Source/Data/Enum/Enum_GoodSky_MeshType.uasset" 481
"F:/Projects/Assignments/Level Design II/P1 - Mecha Facility/Unreal/OldWarehouse/Content/Old_Warehouse/GoodSky/Source/Data/Enum/Enum_GoodSky_Preset.uasset" 482
"F:/Projects/Assignments/Level Design II/P1 - Mecha Facility/Unreal/OldWarehouse/Content/Old_Warehouse/GoodSky/Source/Data/Enum/Enum_GoodSky_Style_Clouds.uasset" 483
"F:/Projects/Assignments/Level Design II/P1 - Mecha Facility/Unreal/OldWarehouse/Content/Old_Warehouse/GoodSky/Source/Mesh/SM_GoodSky_Hemisphere.uasset" 484
"F:/Projects/Assignments/Level Design II/P1 - Mecha Facility/Unreal/OldWarehouse/Content/Old_Warehouse/GoodSky/Source/Mesh/SM_GoodSky_Sphere.uasset" 485
"F:/Projects/Assignments/Level Design II/P1 - Mecha Facility/Unreal/OldWarehouse/Content/Old_Warehouse/GoodSky/Source/Textures/T_GoodSky_clouds_C.uasset" 486
"F:/Projects/Assignments/Level Design II/P1 - Mecha Facility/Unreal/OldWarehouse/Content/Old_Warehouse/GoodSky/Source/Textures/T_GoodSky_clouds_D.uasset" 487
"F:/Projects/Assignments/Level Design II/P1 - Mecha Facility/Unreal/OldWarehouse/Content/Old_Warehouse/GoodSky/Source/Textures/T_GoodSky_clouds_E.uasset" 488
"F:/Projects/Assignments/Level Design II/P1 - Mecha Facility/Unreal/OldWarehouse/Content/Old_Warehouse/GoodSky/Blueprint/BP_GoodSky.uasset" 489
"F:/Projects/Assignments/Level Design II/P1 - Mecha Facility/Unreal/OldWarehouse/Content/Old_Warehouse/FirstPerson/Textures/FirstPersonCrosshair.uasset" 490
"F:/Projects/Assignments/Level Design II/P1 - Mecha Facility/Unreal/OldWarehouse/Content/Old_Warehouse/FirstPersonBP/Blueprints/FirstPersonHUD.uasset" 491
"F:/Projects/Assignments/Level Design II/P1 - Mecha Facility/Unreal/OldWarehouse/Content/Old_Warehouse/FirstPersonBP/Blueprints/FirstPersonGameMode.uasset" 492
"F:/Projects/Assignments/Level Design II/P1 - Mecha Facility/Unreal/OldWarehouse/Content/Old_Warehouse/Terrain/Materials/Layerinfo/Layer01_LayerInfo.uasset" 493
"F:/Projects/Assignments/Level Design II/P1 - Mecha Facility/Unreal/OldWarehouse/Content/Old_Warehouse/Terrain/Materials/Layerinfo/Layer02_LayerInfo.uasset" 494
"F:/Projects/Assignments/Level Design II/P1 - Mecha Facility/Unreal/OldWarehouse/Content/Old_Warehouse/Terrain/Materials/Layerinfo/Layer03_LayerInfo.uasset" 495
"F:/Projects/Assignments/Level Design II/P1 - Mecha Facility/Unreal/OldWarehouse/Content/OldWarehouse_BuiltData.uasset" 496
"F:/Projects/Assignments/Level Design II/P1 - Mecha Facility/Unreal/OldWarehouse/Content/Old_Warehouse/Terrain/Materials/Dirt.uasset" 497
"F:/Projects/Assignments/Level Design II/P1 - Mecha Facility/Unreal/OldWarehouse/Content/Old_Warehouse/Terrain/Materials/Grass.uasset" 498
"F:/Projects/Assignments/Level Design II/P1 - Mecha Facility/Unreal/OldWarehouse/Content/Old_Warehouse/Terrain/Materials/T_Landscape_Grass_N.uasset" 499
"F:/Projects/Assignments/Level Design II/P1 - Mecha Facility/Unreal/OldWarehouse/Content/Old_Warehouse/Terrain/Materials/T_Landscape_Pebbles_DH.uasset" 500
"F:/Projects/Assignments/Level Design II/P1 - Mecha Facility/Unreal/OldWarehouse/Content/Old_Warehouse/Terrain/Materials/T_Landscape_Pebbles_N.uasset" 501
"F:/Projects/Assignments/Level Design II/P1 - Mecha Facility/Unreal/OldWarehouse/Content/Old_Warehouse/Terrain/Materials/T_Landscape_Soil_N.uasset" 502
"F:/Projects/Assignments/Level Design II/P1 - Mecha Facility/Unreal/OldWarehouse/Content/Old_Warehouse/Terrain/Materials/M_Landscape.uasset" 503
"F:/Projects/Assignments/Level Design II/P1 - Mecha Facility/Unreal/OldWarehouse/Content/Old_Warehouse/Buildings/Materials/EmisBase.uasset" 504
"F:/Projects/Assignments/Level Design II/P1 - Mecha Facility/Unreal/OldWarehouse/Content/Old_Warehouse/Buildings/Materials/ELight.uasset" 505
"F:/Projects/Assignments/Level Design II/P1 - Mecha Facility/Unreal/OldWarehouse/Content/Old_Warehouse/Buildings/Materials/ELight_2.uasset" 506
"F:/Projects/Assignments/Level Design II/P1 - Mecha Facility/Unreal/OldWarehouse/Content/Old_Warehouse/Buildings/Textures/Villagestuff/T_Pack_05_D.uasset" 507
"F:/Projects/Assignments/Level Design II/P1 - Mecha Facility/Unreal/OldWarehouse/Content/Old_Warehouse/Buildings/Textures/Villagestuff/T_Pack_05_E.uasset" 508
"F:/Projects/Assignments/Level Design II/P1 - Mecha Facility/Unreal/OldWarehouse/Content/Old_Warehouse/Buildings/Textures/Villagestuff/T_Pack_05_N.uasset" 509
"F:/Projects/Assignments/Level Design II/P1 - Mecha Facility/Unreal/OldWarehouse/Content/Old_Warehouse/Buildings/Textures/Villagestuff/T_Pack_05_RM.uasset" 510
"F:/Projects/Assignments/Level Design II/P1 - Mecha Facility/Unreal/OldWarehouse/Content/Old_Warehouse/Buildings/Materials/village-Mats/M_Inst_Pack_05.uasset" 511
"F:/Projects/Assignments/Level Design II/P1 - Mecha Facility/Unreal/OldWarehouse/Content/Old_Warehouse/Props/Materials/MI_Barrel01_2.uasset" 512
"F:/Projects/Assignments/Level Design II/P1 - Mecha Facility/Unreal/OldWarehouse/Content/Old_Warehouse/Props/Materials/MI_Barrel01_4.uasset" 513
"F:/Projects/Assignments/Level Design II/P1 - Mecha Facility/Unreal/OldWarehouse/Content/Old_Warehouse/Props/Materials/Textures/T_Box01_D.uasset" 514
"F:/Projects/Assignments/Level Design II/P1 - Mecha Facility/Unreal/OldWarehouse/Content/Old_Warehouse/Props/Materials/Textures/T_Box01_N.uasset" 515
"F:/Projects/Assignments/Level Design II/P1 - Mecha Facility/Unreal/OldWarehouse/Content/Old_Warehouse/Props/Materials/Textures/T_Box01_SRM.uasset" 516
"F:/Projects/Assignments/Level Design II/P1 - Mecha Facility/Unreal/OldWarehouse/Content/Old_Warehouse/Props/Materials/MI_Box01_1.uasset" 517
"../../../Engine/Content/BasicShapes/Cube.uasset" 518
"../../../Engine/Content/EngineMaterials/DefaultPhysicalMaterial.uasset" 519
"F:/Projects/Assignments/Level Design II/P1 - Mecha Facility/Unreal/OldWarehouse/Content/Old_Warehouse/Buildings/Textures/Brick_Buildkit/door_garage_wood.uasset" 520
"F:/Projects/Assignments/Level Design II/P1 - Mecha Facility/Unreal/OldWarehouse/Content/Old_Warehouse/Buildings/Textures/Brick_Buildkit/doorgarage_wood_NM.uasset" 521
"F:/Projects/Assignments/Level Design II/P1 - Mecha Facility/Unreal/OldWarehouse/Content/Old_Warehouse/Buildings/Materials/Brick_Buildkit-Mats/door_garage-Mat.uasset" 522
"F:/Projects/Assignments/Level Design II/P1 - Mecha Facility/Unreal/OldWarehouse/Content/Old_Warehouse/Buildings/Meshes/Brick_Buildkit-mesh/door_garage.uasset" 523
"F:/Projects/Assignments/Level Design II/P1 - Mecha Facility/Unreal/OldWarehouse/Content/Old_Warehouse/Buildings/Meshes/Brick_Buildkit-mesh/glass_garage.uasset" 524
"F:/Projects/Assignments/Level Design II/P1 - Mecha Facility/Unreal/OldWarehouse/Content/Old_Warehouse/Buildings/Meshes/Brick_Buildkit-mesh/lamp_small_body.uasset" 525
"F:/Projects/Assignments/Level Design II/P1 - Mecha Facility/Unreal/OldWarehouse/Content/Old_Warehouse/Buildings/Meshes/Brick_Buildkit-mesh/lamp_small_glass.uasset" 526
"F:/Projects/Assignments/Level Design II/P1 - Mecha Facility/Unreal/OldWarehouse/Content/Old_Warehouse/Buildings/Meshes/Brick_Buildkit-mesh/lamp_small_lamps.uasset" 527
"F:/Projects/Assignments/Level Design II/P1 - Mecha Facility/Unreal/OldWarehouse/Content/Old_Warehouse/Buildings/Meshes/Brick_Buildkit-mesh/Prebuilt/Floor01.uasset" 528
"F:/Projects/Assignments/Level Design II/P1 - Mecha Facility/Unreal/OldWarehouse/Content/Old_Warehouse/Buildings/Meshes/Brick_Buildkit-mesh/Prebuilt/Garage_Door-Full.uasset" 529
"F:/Projects/Assignments/Level Design II/P1 - Mecha Facility/Unreal/OldWarehouse/Content/Old_Warehouse/Buildings/Meshes/Brick_Buildkit-mesh/Prebuilt/Roof/RoofFull02.uasset" 530
"F:/Projects/Assignments/Level Design II/P1 - Mecha Facility/Unreal/OldWarehouse/Content/Old_Warehouse/Buildings/Meshes/Brick_Buildkit-mesh/Prebuilt/Roof/RoofTrimFull.uasset" 531
"F:/Projects/Assignments/Level Design II/P1 - Mecha Facility/Unreal/OldWarehouse/Content/Old_Warehouse/Buildings/Meshes/Brick_Buildkit-mesh/Prebuilt/Structures/House_Inner.uasset" 532
"F:/Projects/Assignments/Level Design II/P1 - Mecha Facility/Unreal/OldWarehouse/Content/Old_Warehouse/Buildings/Meshes/Brick_Buildkit-mesh/Prebuilt/Structures/House_Main.uasset" 533
"F:/Projects/Assignments/Level Design II/P1 - Mecha Facility/Unreal/OldWarehouse/Content/Old_Warehouse/Buildings/Meshes/Brick_Buildkit-mesh/Prebuilt/Structures/House_Roof.uasset" 534
"F:/Projects/Assignments/Level Design II/P1 - Mecha Facility/Unreal/OldWarehouse/Content/Old_Warehouse/Buildings/Meshes/Brick_Buildkit-mesh/Prebuilt/Structures/House_Windows.uasset" 535
"F:/Projects/Assignments/Level Design II/P1 - Mecha Facility/Unreal/OldWarehouse/Content/Old_Warehouse/Buildings/Meshes/Brick_Buildkit-mesh/Prebuilt/Structures/SideBuilding/SideCeiling01.uasset" 536
"F:/Projects/Assignments/Level Design II/P1 - Mecha Facility/Unreal/OldWarehouse/Content/Old_Warehouse/Buildings/Meshes/Brick_Buildkit-mesh/Prebuilt/Structures/SideBuilding/SideChunk01.uasset" 537
"F:/Projects/Assignments/Level Design II/P1 - Mecha Facility/Unreal/OldWarehouse/Content/Old_Warehouse/Buildings/Meshes/Brick_Buildkit-mesh/Prebuilt/Structures/SideBuilding/SideChunk02.uasset" 538
"F:/Projects/Assignments/Level Design II/P1 - Mecha Facility/Unreal/OldWarehouse/Content/Old_Warehouse/Buildings/Meshes/Brick_Buildkit-mesh/Prebuilt/Structures/SideBuilding/SideFloor-Ceiling02.uasset" 539
"F:/Projects/Assignments/Level Design II/P1 - Mecha Facility/Unreal/OldWarehouse/Content/Old_Warehouse/Buildings/Meshes/Brick_Buildkit-mesh/Prebuilt/Structures/SideBuilding/SideFloor01.uasset" 540
"F:/Projects/Assignments/Level Design II/P1 - Mecha Facility/Unreal/OldWarehouse/Content/Old_Warehouse/Buildings/Meshes/Brick_Buildkit-mesh/Prebuilt/Structures/SideBuilding/SideRoof01.uasset" 541
"F:/Projects/Assignments/Level Design II/P1 - Mecha Facility/Unreal/OldWarehouse/Content/Old_Warehouse/Buildings/Meshes/Brick_Buildkit-mesh/Prebuilt/Structures/SideBuilding/SideRoof02.uasset" 542
"F:/Projects/Assignments/Level Design II/P1 - Mecha Facility/Unreal/OldWarehouse/Content/Old_Warehouse/Buildings/Meshes/Brick_Buildkit-mesh/Prebuilt/Structures/Small_Garage01.uasset" 543
"F:/Projects/Assignments/Level Design II/P1 - Mecha Facility/Unreal/OldWarehouse/Content/Old_Warehouse/Buildings/Meshes/Brick_Buildkit-mesh/Prebuilt/Structures/Small_Garage02.uasset" 544
"F:/Projects/Assignments/Level Design II/P1 - Mecha Facility/Unreal/OldWarehouse/Content/Old_Warehouse/Buildings/Meshes/Brick_Buildkit-mesh/Prebuilt/Structures/Warehouse/Warehouse-Ceiling02.uasset" 545
"F:/Projects/Assignments/Level Design II/P1 - Mecha Facility/Unreal/OldWarehouse/Content/Old_Warehouse/Buildings/Meshes/Brick_Buildkit-mesh/Prebuilt/Structures/Warehouse/Warehouse-Exterior02.uasset" 546
"F:/Projects/Assignments/Level Design II/P1 - Mecha Facility/Unreal/OldWarehouse/Content/Old_Warehouse/Buildings/Meshes/Brick_Buildkit-mesh/Prebuilt/Structures/Warehouse/Warehouse-Interior02.uasset" 547
"F:/Projects/Assignments/Level Design II/P1 - Mecha Facility/Unreal/OldWarehouse/Content/Old_Warehouse/Buildings/Meshes/Brick_Buildkit-mesh/Prebuilt/Structures/Warehouse/Warehouse-Roof02.uasset" 548
"F:/Projects/Assignments/Level Design II/P1 - Mecha Facility/Unreal/OldWarehouse/Content/Old_Warehouse/Buildings/Meshes/Brick_Buildkit-mesh/Prebuilt/Structures/Warehouse/Warehouse-SideEntry.uasset" 549
"F:/Projects/Assignments/Level Design II/P1 - Mecha Facility/Unreal/OldWarehouse/Content/Old_Warehouse/Buildings/Textures/Brick_Buildkit/wall_balcony_NM.uasset" 550
"F:/Projects/Assignments/Level Design II/P1 - Mecha Facility/Unreal/OldWarehouse/Content/Old_Warehouse/Buildings/Textures/Brick_Buildkit/wall_balcony_TEX.uasset" 551
"F:/Projects/Assignments/Level Design II/P1 - Mecha Facility/Unreal/OldWarehouse/Content/Old_Warehouse/Buildings/Materials/Brick_Buildkit-Mats/wall_bigwindow-Mat.uasset" 552
"F:/Projects/Assignments/Level Design II/P1 - Mecha Facility/Unreal/OldWarehouse/Content/Old_Warehouse/Buildings/Meshes/Brick_Buildkit-mesh/Prebuilt/Structures/Warehouse/Warehouse-Windows01.uasset" 553
"F:/Projects/Assignments/Level Design II/P1 - Mecha Facility/Unreal/OldWarehouse/Content/Old_Warehouse/Buildings/Meshes/Brick_Buildkit-mesh/Prebuilt/Structures/Warehouse/Warehouse-Windows02.uasset" 554
"F:/Projects/Assignments/Level Design II/P1 - Mecha Facility/Unreal/OldWarehouse/Content/Old_Warehouse/Buildings/Meshes/Brick_Buildkit-mesh/Prebuilt/Wall_Long-4.uasset" 555
"F:/Projects/Assignments/Level Design II/P1 - Mecha Facility/Unreal/OldWarehouse/Content/Old_Warehouse/Buildings/Meshes/Brick_Buildkit-mesh/Statics/LightFixture.uasset" 556
"F:/Projects/Assignments/Level Design II/P1 - Mecha Facility/Unreal/OldWarehouse/Content/Old_Warehouse/Buildings/Meshes/Brick_Buildkit-mesh/Statics/Window01.uasset" 557
"F:/Projects/Assignments/Level Design II/P1 - Mecha Facility/Unreal/OldWarehouse/Content/Old_Warehouse/Buildings/Meshes/Brick_Buildkit-mesh/wall_garage_wall_garage.uasset" 558
"F:/Projects/Assignments/Level Design II/P1 - Mecha Facility/Unreal/OldWarehouse/Content/Old_Warehouse/Buildings/Meshes/Brick_Buildkit-mesh/wall_roof.uasset" 559
"F:/Projects/Assignments/Level Design II/P1 - Mecha Facility/Unreal/OldWarehouse/Content/Old_Warehouse/Buildings/Meshes/Villagestuff-mesh/SM_Fence_Var01.uasset" 560
"F:/Projects/Assignments/Level Design II/P1 - Mecha Facility/Unreal/OldWarehouse/Content/Old_Warehouse/Buildings/Meshes/Villagestuff-mesh/SM_House_Var01_Extra08.uasset" 561
"F:/Projects/Assignments/Level Design II/P1 - Mecha Facility/Unreal/OldWarehouse/Content/Old_Warehouse/Effects/T_Pfx_Smoke.uasset" 562
"F:/Projects/Assignments/Level Design II/P1 - Mecha Facility/Unreal/OldWarehouse/Content/Old_Warehouse/Effects/M_Pfx_TranslucentLit.uasset" 563
"F:/Projects/Assignments/Level Design II/P1 - Mecha Facility/Unreal/OldWarehouse/Content/Old_Warehouse/Effects/M_Pfx_DustParticles.uasset" 564
"F:/Projects/Assignments/Level Design II/P1 - Mecha Facility/Unreal/OldWarehouse/Content/Old_Warehouse/Effects/Pfx_DustParticles.uasset" 565
"F:/Projects/Assignments/Level Design II/P1 - Mecha Facility/Unreal/OldWarehouse/Content/Old_Warehouse/Effects/M_Inst_Pfx_SmokeChimney.uasset" 566
"F:/Projects/Assignments/Level Design II/P1 - Mecha Facility/Unreal/OldWarehouse/Content/Old_Warehouse/Effects/Pfx_SmokeChimney.uasset" 567
"F:/Projects/Assignments/Level Design II/P1 - Mecha Facility/Unreal/OldWarehouse/Content/Old_Warehouse/Props/Car/Textures-Materials/body_Base_Color.uasset" 568
"F:/Projects/Assignments/Level Design II/P1 - Mecha Facility/Unreal/OldWarehouse/Content/Old_Warehouse/Props/Car/Textures-Materials/body_Metallic.uasset" 569
"F:/Projects/Assignments/Level Design II/P1 - Mecha Facility/Unreal/OldWarehouse/Content/Old_Warehouse/Props/Car/Textures-Materials/body_Mixed_AO.uasset" 570
"F:/Projects/Assignments/Level Design II/P1 - Mecha Facility/Unreal/OldWarehouse/Content/Old_Warehouse/Props/Car/Textures-Materials/body_Normal_DirectX.uasset" 571
"F:/Projects/Assignments/Level Design II/P1 - Mecha Facility/Unreal/OldWarehouse/Content/Old_Warehouse/Props/Car/Textures-Materials/body_Roughness.uasset" 572
"F:/Projects/Assignments/Level Design II/P1 - Mecha Facility/Unreal/OldWarehouse/Content/Old_Warehouse/Props/Car/Textures-Materials/Body.uasset" 573
"F:/Projects/Assignments/Level Design II/P1 - Mecha Facility/Unreal/OldWarehouse/Content/Old_Warehouse/Props/Car/Textures-Materials/glass_Base_Color.uasset" 574
"F:/Projects/Assignments/Level Design II/P1 - Mecha Facility/Unreal/OldWarehouse/Content/Old_Warehouse/Props/Car/Textures-Materials/glass_Metallic.uasset" 575
"F:/Projects/Assignments/Level Design II/P1 - Mecha Facility/Unreal/OldWarehouse/Content/Old_Warehouse/Props/Car/Textures-Materials/glass_Normal_DirectX.uasset" 576
"F:/Projects/Assignments/Level Design II/P1 - Mecha Facility/Unreal/OldWarehouse/Content/Old_Warehouse/Props/Car/Textures-Materials/glass_Roughness.uasset" 577
"F:/Projects/Assignments/Level Design II/P1 - Mecha Facility/Unreal/OldWarehouse/Content/Old_Warehouse/Props/Car/Textures-Materials/Glass.uasset" 578
"F:/Projects/Assignments/Level Design II/P1 - Mecha Facility/Unreal/OldWarehouse/Content/Old_Warehouse/Props/Car/Car_Body.uasset" 579
"F:/Projects/Assignments/Level Design II/P1 - Mecha Facility/Unreal/OldWarehouse/Content/Old_Warehouse/Props/Car/Car_Doors.uasset" 580
"F:/Projects/Assignments/Level Design II/P1 - Mecha Facility/Unreal/OldWarehouse/Content/Old_Warehouse/Props/Car/Textures-Materials/lights_Base_Color.uasset" 581
"F:/Projects/Assignments/Level Design II/P1 - Mecha Facility/Unreal/OldWarehouse/Content/Old_Warehouse/Props/Car/Textures-Materials/lights_Emissive.uasset" 582
"F:/Projects/Assignments/Level Design II/P1 - Mecha Facility/Unreal/OldWarehouse/Content/Old_Warehouse/Props/Car/Textures-Materials/lights_Opacity.uasset" 583
"F:/Projects/Assignments/Level Design II/P1 - Mecha Facility/Unreal/OldWarehouse/Content/Old_Warehouse/Props/Car/Textures-Materials/lights_Roughness.uasset" 584
"F:/Projects/Assignments/Level Design II/P1 - Mecha Facility/Unreal/OldWarehouse/Content/Old_Warehouse/Props/Car/Textures-Materials/Lights.uasset" 585
"F:/Projects/Assignments/Level Design II/P1 - Mecha Facility/Unreal/OldWarehouse/Content/Old_Warehouse/Props/Car/Car_Lights.uasset" 586
"F:/Projects/Assignments/Level Design II/P1 - Mecha Facility/Unreal/OldWarehouse/Content/Old_Warehouse/Props/Car/Textures-Materials/number_Base_Color.uasset" 587
"F:/Projects/Assignments/Level Design II/P1 - Mecha Facility/Unreal/OldWarehouse/Content/Old_Warehouse/Props/Car/Textures-Materials/number_Normal_DirectX.uasset" 588
"F:/Projects/Assignments/Level Design II/P1 - Mecha Facility/Unreal/OldWarehouse/Content/Old_Warehouse/Props/Car/Textures-Materials/number_Roughness.uasset" 589
"F:/Projects/Assignments/Level Design II/P1 - Mecha Facility/Unreal/OldWarehouse/Content/Old_Warehouse/Props/Car/Textures-Materials/Number.uasset" 590
"F:/Projects/Assignments/Level Design II/P1 - Mecha Facility/Unreal/OldWarehouse/Content/Old_Warehouse/Props/Car/Car_Plates.uasset" 591
"F:/Projects/Assignments/Level Design II/P1 - Mecha Facility/Unreal/OldWarehouse/Content/Old_Warehouse/Props/Car/Textures-Materials/wheels_Base_Color.uasset" 592
"F:/Projects/Assignments/Level Design II/P1 - Mecha Facility/Unreal/OldWarehouse/Content/Old_Warehouse/Props/Car/Textures-Materials/wheels_Metallic.uasset" 593
"F:/Projects/Assignments/Level Design II/P1 - Mecha Facility/Unreal/OldWarehouse/Content/Old_Warehouse/Props/Car/Textures-Materials/wheels_Normal_DirectX.uasset" 594
"F:/Projects/Assignments/Level Design II/P1 - Mecha Facility/Unreal/OldWarehouse/Content/Old_Warehouse/Props/Car/Textures-Materials/wheels_Roughness.uasset" 595
"F:/Projects/Assignments/Level Design II/P1 - Mecha Facility/Unreal/OldWarehouse/Content/Old_Warehouse/Props/Car/Textures-Materials/Wheels.uasset" 596
"F:/Projects/Assignments/Level Design II/P1 - Mecha Facility/Unreal/OldWarehouse/Content/Old_Warehouse/Props/Car/Car_Wheels.uasset" 597
"F:/Projects/Assignments/Level Design II/P1 - Mecha Facility/Unreal/OldWarehouse/Content/Old_Warehouse/Props/MiscProps/SM_Barrel01.uasset" 598
"F:/Projects/Assignments/Level Design II/P1 - Mecha Facility/Unreal/OldWarehouse/Content/Old_Warehouse/Props/MiscProps/SM_Barrel02.uasset" 599
"F:/Projects/Assignments/Level Design II/P1 - Mecha Facility/Unreal/OldWarehouse/Content/Old_Warehouse/Props/Materials/MI_Box01_2.uasset" 600
"F:/Projects/Assignments/Level Design II/P1 - Mecha Facility/Unreal/OldWarehouse/Content/Old_Warehouse/Props/MiscProps/SM_Box01.uasset" 601
"F:/Projects/Assignments/Level Design II/P1 - Mecha Facility/Unreal/OldWarehouse/Content/Old_Warehouse/Props/MiscProps/SM_Box02.uasset" 602
"../../../Engine/Content/EngineMaterials/BlendFunc_DefBase.uasset" 603
"../../../Engine/Content/EngineMaterials/BlendFunc_DefBlend.uasset" 604
"../../../Engine/Content/Functions/Engine_MaterialFunctions03/Blends/Blend_Overlay.uasset" 605
"F:/Projects/Assignments/Level Design II/P1 - Mecha Facility/Unreal/OldWarehouse/Content/Old_Warehouse/Props/Materials/Textures/TX_Fill_01_ALB.uasset" 606
"F:/Projects/Assignments/Level Design II/P1 - Mecha Facility/Unreal/OldWarehouse/Content/Old_Warehouse/Props/Materials/Textures/TX_Fill_01_NRM.uasset" 607
"F:/Projects/Assignments/Level Design II/P1 - Mecha Facility/Unreal/OldWarehouse/Content/Old_Warehouse/Props/Materials/Textures/TX_Fill_01_RMA.uasset" 608
"F:/Projects/Assignments/Level Design II/P1 - Mecha Facility/Unreal/OldWarehouse/Content/Old_Warehouse/Props/Materials/MM_MasterMaterial_01.uasset" 609
"F:/Projects/Assignments/Level Design II/P1 - Mecha Facility/Unreal/OldWarehouse/Content/Old_Warehouse/Props/Materials/MI_CordWrap_01a.uasset" 610
"F:/Projects/Assignments/Level Design II/P1 - Mecha Facility/Unreal/OldWarehouse/Content/Old_Warehouse/Props/MiscProps/SM_CordWrap_01a.uasset" 611
"F:/Projects/Assignments/Level Design II/P1 - Mecha Facility/Unreal/OldWarehouse/Content/Old_Warehouse/Props/Materials/Textures/TX_HandForklift_01a_ALB.uasset" 612
"F:/Projects/Assignments/Level Design II/P1 - Mecha Facility/Unreal/OldWarehouse/Content/Old_Warehouse/Props/Materials/Textures/TX_HandForklift_01a_NRM.uasset" 613
"F:/Projects/Assignments/Level Design II/P1 - Mecha Facility/Unreal/OldWarehouse/Content/Old_Warehouse/Props/Materials/Textures/TX_HandForklift_01a_RMA.uasset" 614
"F:/Projects/Assignments/Level Design II/P1 - Mecha Facility/Unreal/OldWarehouse/Content/Old_Warehouse/Props/Materials/MI_Handforklift_01a.uasset" 615
"F:/Projects/Assignments/Level Design II/P1 - Mecha Facility/Unreal/OldWarehouse/Content/Old_Warehouse/Props/MiscProps/SM_HandForklift_01a.uasset" 616
"F:/Projects/Assignments/Level Design II/P1 - Mecha Facility/Unreal/OldWarehouse/Content/Old_Warehouse/Props/Materials/Textures/TX_HardHat_01_Yellow_ALB.uasset" 617
"F:/Projects/Assignments/Level Design II/P1 - Mecha Facility/Unreal/OldWarehouse/Content/Old_Warehouse/Props/Materials/Textures/TX_HardHat_01_Yellow_NRM.uasset" 618
"F:/Projects/Assignments/Level Design II/P1 - Mecha Facility/Unreal/OldWarehouse/Content/Old_Warehouse/Props/Materials/Textures/TX_HardHat_01_Yellow_RMA.uasset" 619
"F:/Projects/Assignments/Level Design II/P1 - Mecha Facility/Unreal/OldWarehouse/Content/Old_Warehouse/Props/Materials/MI_Hardhat_01b.uasset" 620
"F:/Projects/Assignments/Level Design II/P1 - Mecha Facility/Unreal/OldWarehouse/Content/Old_Warehouse/Props/MiscProps/SM_HardHat_01b.uasset" 621
"F:/Projects/Assignments/Level Design II/P1 - Mecha Facility/Unreal/OldWarehouse/Content/Old_Warehouse/Props/Materials/Textures/T_Hose_D.uasset" 622
"F:/Projects/Assignments/Level Design II/P1 - Mecha Facility/Unreal/OldWarehouse/Content/Old_Warehouse/Props/Materials/Textures/T_Hose_N.uasset" 623
"F:/Projects/Assignments/Level Design II/P1 - Mecha Facility/Unreal/OldWarehouse/Content/Old_Warehouse/Props/Materials/Textures/T_Hose_SRM.uasset" 624
"F:/Projects/Assignments/Level Design II/P1 - Mecha Facility/Unreal/OldWarehouse/Content/Old_Warehouse/Props/Materials/MI_Hose01_1.uasset" 625
"F:/Projects/Assignments/Level Design II/P1 - Mecha Facility/Unreal/OldWarehouse/Content/Old_Warehouse/Props/MiscProps/SM_Hose01.uasset" 626
"F:/Projects/Assignments/Level Design II/P1 - Mecha Facility/Unreal/OldWarehouse/Content/Old_Warehouse/Props/Materials/Textures/TX_Ladder_ALB.uasset" 627
"F:/Projects/Assignments/Level Design II/P1 - Mecha Facility/Unreal/OldWarehouse/Content/Old_Warehouse/Props/Materials/Textures/TX_Ladder_NRM.uasset" 628
"F:/Projects/Assignments/Level Design II/P1 - Mecha Facility/Unreal/OldWarehouse/Content/Old_Warehouse/Props/Materials/Textures/TX_Ladder_RMA.uasset" 629
"F:/Projects/Assignments/Level Design II/P1 - Mecha Facility/Unreal/OldWarehouse/Content/Old_Warehouse/Props/Materials/MI_Ladder_01a.uasset" 630
"F:/Projects/Assignments/Level Design II/P1 - Mecha Facility/Unreal/OldWarehouse/Content/Old_Warehouse/Props/MiscProps/SM_Ladder_01b.uasset" 631
"F:/Projects/Assignments/Level Design II/P1 - Mecha Facility/Unreal/OldWarehouse/Content/Old_Warehouse/Props/Materials/Textures/TX_Lunchbox_ALB.uasset" 632
"F:/Projects/Assignments/Level Design II/P1 - Mecha Facility/Unreal/OldWarehouse/Content/Old_Warehouse/Props/Materials/Textures/TX_Lunchbox_NRM.uasset" 633
"F:/Projects/Assignments/Level Design II/P1 - Mecha Facility/Unreal/OldWarehouse/Content/Old_Warehouse/Props/Materials/Textures/TX_Lunchbox_RMA.uasset" 634
"F:/Projects/Assignments/Level Design II/P1 - Mecha Facility/Unreal/OldWarehouse/Content/Old_Warehouse/Props/Materials/MI_Lunchbox_01a.uasset" 635
"F:/Projects/Assignments/Level Design II/P1 - Mecha Facility/Unreal/OldWarehouse/Content/Old_Warehouse/Props/MiscProps/SM_Lunchbox_01.uasset" 636
"F:/Projects/Assignments/Level Design II/P1 - Mecha Facility/Unreal/OldWarehouse/Content/Old_Warehouse/Props/MiscProps/SM_Pallet01.uasset" 637
"F:/Projects/Assignments/Level Design II/P1 - Mecha Facility/Unreal/OldWarehouse/Content/Old_Warehouse/Props/Materials/Textures/TX_Plywood_01_ALB.uasset" 638
"F:/Projects/Assignments/Level Design II/P1 - Mecha Facility/Unreal/OldWarehouse/Content/Old_Warehouse/Props/Materials/Textures/TX_Plywood_01_NRM.uasset" 639
"F:/Projects/Assignments/Level Design II/P1 - Mecha Facility/Unreal/OldWarehouse/Content/Old_Warehouse/Props/Materials/Textures/TX_Plywood_01_RMA.uasset" 640
"F:/Projects/Assignments/Level Design II/P1 - Mecha Facility/Unreal/OldWarehouse/Content/Old_Warehouse/Props/Materials/MI_PlywoodTable_01a.uasset" 641
"F:/Projects/Assignments/Level Design II/P1 - Mecha Facility/Unreal/OldWarehouse/Content/Old_Warehouse/Props/MiscProps/SM_Plywood_01a.uasset" 642
"F:/Projects/Assignments/Level Design II/P1 - Mecha Facility/Unreal/OldWarehouse/Content/Old_Warehouse/Props/MiscProps/SM_PlywoodTable_01a.uasset" 643
"F:/Projects/Assignments/Level Design II/P1 - Mecha Facility/Unreal/OldWarehouse/Content/Old_Warehouse/Props/Materials/Textures/T_Rack_D.uasset" 644
"F:/Projects/Assignments/Level Design II/P1 - Mecha Facility/Unreal/OldWarehouse/Content/Old_Warehouse/Props/Materials/Textures/T_Rack_N.uasset" 645
"F:/Projects/Assignments/Level Design II/P1 - Mecha Facility/Unreal/OldWarehouse/Content/Old_Warehouse/Props/Materials/Textures/T_Rack_SRM.uasset" 646
"F:/Projects/Assignments/Level Design II/P1 - Mecha Facility/Unreal/OldWarehouse/Content/Old_Warehouse/Props/Materials/MI_Rack01_1.uasset" 647
"F:/Projects/Assignments/Level Design II/P1 - Mecha Facility/Unreal/OldWarehouse/Content/Old_Warehouse/Props/MiscProps/SM_Rack01.uasset" 648
"F:/Projects/Assignments/Level Design II/P1 - Mecha Facility/Unreal/OldWarehouse/Content/Old_Warehouse/Props/MiscProps/SM_Rack02.uasset" 649
"F:/Projects/Assignments/Level Design II/P1 - Mecha Facility/Unreal/OldWarehouse/Content/Old_Warehouse/Props/Materials/Textures/TX_Sander_01a_ALB.uasset" 650
"F:/Projects/Assignments/Level Design II/P1 - Mecha Facility/Unreal/OldWarehouse/Content/Old_Warehouse/Props/Materials/Textures/TX_Sander_01a_NRM.uasset" 651
"F:/Projects/Assignments/Level Design II/P1 - Mecha Facility/Unreal/OldWarehouse/Content/Old_Warehouse/Props/Materials/Textures/TX_Sander_01a_RMA.uasset" 652
"F:/Projects/Assignments/Level Design II/P1 - Mecha Facility/Unreal/OldWarehouse/Content/Old_Warehouse/Props/Materials/MI_Sander_01a.uasset" 653
"F:/Projects/Assignments/Level Design II/P1 - Mecha Facility/Unreal/OldWarehouse/Content/Old_Warehouse/Props/MiscProps/SM_Sander_01a.uasset" 654
"F:/Projects/Assignments/Level Design II/P1 - Mecha Facility/Unreal/OldWarehouse/Content/Old_Warehouse/Props/Materials/Textures/TX_Shovel_01_ALB.uasset" 655
"F:/Projects/Assignments/Level Design II/P1 - Mecha Facility/Unreal/OldWarehouse/Content/Old_Warehouse/Props/Materials/Textures/TX_Shovel_01_NRM.uasset" 656
"F:/Projects/Assignments/Level Design II/P1 - Mecha Facility/Unreal/OldWarehouse/Content/Old_Warehouse/Props/Materials/Textures/TX_Shovel_01_RMA.uasset" 657
"F:/Projects/Assignments/Level Design II/P1 - Mecha Facility/Unreal/OldWarehouse/Content/Old_Warehouse/Props/Materials/MI_ShoveL01a.uasset" 658
"F:/Projects/Assignments/Level Design II/P1 - Mecha Facility/Unreal/OldWarehouse/Content/Old_Warehouse/Props/MiscProps/SM_Shovel_01.uasset" 659
"F:/Projects/Assignments/Level Design II/P1 - Mecha Facility/Unreal/OldWarehouse/Content/Old_Warehouse/Props/Materials/Textures/TX_Spool_02a_ALB.uasset" 660
"F:/Projects/Assignments/Level Design II/P1 - Mecha Facility/Unreal/OldWarehouse/Content/Old_Warehouse/Props/Materials/Textures/TX_Spool_02a_NRM.uasset" 661
"F:/Projects/Assignments/Level Design II/P1 - Mecha Facility/Unreal/OldWarehouse/Content/Old_Warehouse/Props/Materials/Textures/TX_Spool_02a_RMA.uasset" 662
"F:/Projects/Assignments/Level Design II/P1 - Mecha Facility/Unreal/OldWarehouse/Content/Old_Warehouse/Props/Materials/MI_Spool_02a.uasset" 663
"F:/Projects/Assignments/Level Design II/P1 - Mecha Facility/Unreal/OldWarehouse/Content/Old_Warehouse/Props/MiscProps/SM_Spool_01a.uasset" 664
"F:/Projects/Assignments/Level Design II/P1 - Mecha Facility/Unreal/OldWarehouse/Content/Old_Warehouse/Props/Materials/Textures/T_WaterTank01_D.uasset" 665
"F:/Projects/Assignments/Level Design II/P1 - Mecha Facility/Unreal/OldWarehouse/Content/Old_Warehouse/Props/Materials/Textures/T_WaterTank01_N.uasset" 666
"F:/Projects/Assignments/Level Design II/P1 - Mecha Facility/Unreal/OldWarehouse/Content/Old_Warehouse/Props/Materials/Textures/T_WaterTank01_SRM.uasset" 667
"F:/Projects/Assignments/Level Design II/P1 - Mecha Facility/Unreal/OldWarehouse/Content/Old_Warehouse/Props/Materials/MI_WaterTank01.uasset" 668
"F:/Projects/Assignments/Level Design II/P1 - Mecha Facility/Unreal/OldWarehouse/Content/Old_Warehouse/Props/MiscProps/SM_WaterTank01.uasset" 669
"../../../Engine/Content/Functions/Engine_MaterialFunctions02/SafeNormalize.uasset" 670
"../../../Engine/Content/Functions/Engine_MaterialFunctions02/Math/CreateThirdOrthogonalVector.uasset" 671
"../../../Engine/Content/Functions/Engine_MaterialFunctions02/Math/Transform3x3Matrix.uasset" 672
"F:/Projects/Assignments/Level Design II/P1 - Mecha Facility/Unreal/OldWarehouse/Content/Old_Warehouse/Terrain/Materials/WorldCoords-XY.uasset" 673
"F:/Projects/Assignments/Level Design II/P1 - Mecha Facility/Unreal/OldWarehouse/Content/Old_Warehouse/Terrain/Materials/Foilage02/T_FieldGrass_01_D.uasset" 674
"F:/Projects/Assignments/Level Design II/P1 - Mecha Facility/Unreal/OldWarehouse/Content/Old_Warehouse/Terrain/Materials/Foilage02/T_FieldGrass_02_M.uasset" 675
"F:/Projects/Assignments/Level Design II/P1 - Mecha Facility/Unreal/OldWarehouse/Content/Old_Warehouse/Terrain/Materials/Foilage02/T_Water_N.uasset" 676
"F:/Projects/Assignments/Level Design II/P1 - Mecha Facility/Unreal/OldWarehouse/Content/Old_Warehouse/Terrain/Materials/Foilage02/M_FieldGrass_01.uasset" 677
"F:/Projects/Assignments/Level Design II/P1 - Mecha Facility/Unreal/OldWarehouse/Content/Old_Warehouse/Terrain/Materials/Foilage02/M_FieldGrass_Inst_01.uasset" 678
"F:/Projects/Assignments/Level Design II/P1 - Mecha Facility/Unreal/OldWarehouse/Content/Old_Warehouse/Terrain/Materials/Foilage02/M_FieldGrass_Inst_01_LOD1.uasset" 679
"F:/Projects/Assignments/Level Design II/P1 - Mecha Facility/Unreal/OldWarehouse/Content/Old_Warehouse/Terrain/Materials/Foilage02/M_FieldGrass_Inst_01_LOD2.uasset" 680
"F:/Projects/Assignments/Level Design II/P1 - Mecha Facility/Unreal/OldWarehouse/Content/Old_Warehouse/Terrain/Mesh/SM_FieldGrass_01.uasset" 681
"F:/Projects/Assignments/Level Design II/P1 - Mecha Facility/Unreal/OldWarehouse/Content/Old_Warehouse/Terrain/Mesh/Surround/Mountain_e_Summer.uasset" 682
"F:/Projects/Assignments/Level Design II/P1 - Mecha Facility/Unreal/OldWarehouse/Content/Old_Warehouse/Terrain/Mesh/Surround/pr_background_mountain_e_N.uasset" 683
"F:/Projects/Assignments/Level Design II/P1 - Mecha Facility/Unreal/OldWarehouse/Content/Old_Warehouse/Terrain/Mesh/Surround/SM_ground_gravel_b_n.uasset" 684
"F:/Projects/Assignments/Level Design II/P1 - Mecha Facility/Unreal/OldWarehouse/Content/Old_Warehouse/Terrain/Mesh/Surround/Mobile_mountain_e_M_summer.uasset" 685
"F:/Projects/Assignments/Level Design II/P1 - Mecha Facility/Unreal/OldWarehouse/Content/Old_Warehouse/Terrain/Mesh/Surround/PR_background_E_E1_LOW.uasset" 686
"F:/Projects/Assignments/Level Design II/P1 - Mecha Facility/Unreal/OldWarehouse/Content/Old_Warehouse/Terrain/Mesh/Surround/PR_background_E_E2_LOW.uasset" 687
"F:/Projects/Assignments/Level Design II/P1 - Mecha Facility/Unreal/OldWarehouse/Content/Old_Warehouse/Terrain/Mesh/Surround/PR_background_E_N1_LOW.uasset" 688
"F:/Projects/Assignments/Level Design II/P1 - Mecha Facility/Unreal/OldWarehouse/Content/Old_Warehouse/Terrain/Mesh/Surround/PR_background_E_N2_LOW.uasset" 689
"F:/Projects/Assignments/Level Design II/P1 - Mecha Facility/Unreal/OldWarehouse/Content/Old_Warehouse/Terrain/Mesh/Surround/PR_background_E_S1_LOW.uasset" 690
"F:/Projects/Assignments/Level Design II/P1 - Mecha Facility/Unreal/OldWarehouse/Content/Old_Warehouse/Terrain/Mesh/Surround/PR_background_E_S2_LOW.uasset" 691
"F:/Projects/Assignments/Level Design II/P1 - Mecha Facility/Unreal/OldWarehouse/Content/Old_Warehouse/Terrain/Mesh/Surround/PR_background_E_W1_LOW.uasset" 692
"F:/Projects/Assignments/Level Design II/P1 - Mecha Facility/Unreal/OldWarehouse/Content/Old_Warehouse/Terrain/Mesh/Surround/PR_background_E_W2_LOW.uasset" 693
"F:/Projects/Assignments/Level Design II/P1 - Mecha Facility/Unreal/OldWarehouse/Content/Old_Warehouse/Terrain/Materials/Foilage02/bark_N.uasset" 694
"F:/Projects/Assignments/Level Design II/P1 - Mecha Facility/Unreal/OldWarehouse/Content/Old_Warehouse/Terrain/Materials/Foilage02/bark_s.uasset" 695
"F:/Projects/Assignments/Level Design II/P1 - Mecha Facility/Unreal/OldWarehouse/Content/Old_Warehouse/Terrain/Materials/Foilage02/bark_wh.uasset" 696
"F:/Projects/Assignments/Level Design II/P1 - Mecha Facility/Unreal/OldWarehouse/Content/Old_Warehouse/Terrain/Materials/Foilage02/Tree00.uasset" 697
"F:/Projects/Assignments/Level Design II/P1 - Mecha Facility/Unreal/OldWarehouse/Content/Old_Warehouse/Terrain/Materials/Foilage02/ast4.uasset" 698
"F:/Projects/Assignments/Level Design II/P1 - Mecha Facility/Unreal/OldWarehouse/Content/Old_Warehouse/Terrain/Materials/Foilage02/Tree01.uasset" 699
"F:/Projects/Assignments/Level Design II/P1 - Mecha Facility/Unreal/OldWarehouse/Content/Old_Warehouse/Terrain/Mesh/Tree.uasset" 700
"F:/Projects/Assignments/Level Design II/P1 - Mecha Facility/Unreal/OldWarehouse/Content/OldWarehouse.umap" 701
"../../../Engine/Content/Maps/Entry_BuiltData.uasset" 702
"../../../Engine/Content/Maps/Entry.umap" 703
